31-Dec-2023 13:46:02.313 INFO [main] org.apache.catalina.startup.VersionLoggerListener.log Server version name:   Apache Tomcat/9.0.84
31-Dec-2023 13:46:02.317 INFO [main] org.apache.catalina.startup.VersionLoggerListener.log Server built:          Dec 7 2023 19:27:40 UTC
31-Dec-2023 13:46:02.317 INFO [main] org.apache.catalina.startup.VersionLoggerListener.log Server version number: 9.0.84.0
31-Dec-2023 13:46:02.317 INFO [main] org.apache.catalina.startup.VersionLoggerListener.log OS Name:               Linux
31-Dec-2023 13:46:02.317 INFO [main] org.apache.catalina.startup.VersionLoggerListener.log OS Version:            5.4.0-150-generic
31-Dec-2023 13:46:02.317 INFO [main] org.apache.catalina.startup.VersionLoggerListener.log Architecture:          amd64
31-Dec-2023 13:46:02.317 INFO [main] org.apache.catalina.startup.VersionLoggerListener.log Java Home:             /home/dev1068/.jdks/corretto-11.0.21
31-Dec-2023 13:46:02.317 INFO [main] org.apache.catalina.startup.VersionLoggerListener.log JVM Version:           11.0.21+9-LTS
31-Dec-2023 13:46:02.317 INFO [main] org.apache.catalina.startup.VersionLoggerListener.log JVM Vendor:            Amazon.com Inc.
31-Dec-2023 13:46:02.317 INFO [main] org.apache.catalina.startup.VersionLoggerListener.log CATALINA_BASE:         /home/dev1068/Trup/trup@softvan.in/Intern-tasks/hibernate_curd
31-Dec-2023 13:46:02.317 INFO [main] org.apache.catalina.startup.VersionLoggerListener.log CATALINA_HOME:         /home/dev1068/Downloads/apache-tomcat-9.0.84
31-Dec-2023 13:46:02.326 INFO [main] org.apache.catalina.startup.VersionLoggerListener.log Command line argument: --add-opens=java.base/java.lang=ALL-UNNAMED
31-Dec-2023 13:46:02.327 INFO [main] org.apache.catalina.startup.VersionLoggerListener.log Command line argument: --add-opens=java.base/java.io=ALL-UNNAMED
31-Dec-2023 13:46:02.327 INFO [main] org.apache.catalina.startup.VersionLoggerListener.log Command line argument: --add-opens=java.base/java.util=ALL-UNNAMED
31-Dec-2023 13:46:02.327 INFO [main] org.apache.catalina.startup.VersionLoggerListener.log Command line argument: --add-opens=java.base/java.util.concurrent=ALL-UNNAMED
31-Dec-2023 13:46:02.327 INFO [main] org.apache.catalina.startup.VersionLoggerListener.log Command line argument: --add-opens=java.rmi/sun.rmi.transport=ALL-UNNAMED
31-Dec-2023 13:46:02.327 INFO [main] org.apache.catalina.startup.VersionLoggerListener.log Command line argument: -Dcatalina.home=/home/dev1068/Downloads/apache-tomcat-9.0.84
31-Dec-2023 13:46:02.327 INFO [main] org.apache.catalina.startup.VersionLoggerListener.log Command line argument: -Dcatalina.base=/home/dev1068/Trup/trup@softvan.in/Intern-tasks/hibernate_curd
31-Dec-2023 13:46:02.327 INFO [main] org.apache.catalina.startup.VersionLoggerListener.log Command line argument: -Djava.io.tmpdir=/home/dev1068/Trup/trup@softvan.in/Intern-tasks/hibernate_curd/temp
31-Dec-2023 13:46:02.327 INFO [main] org.apache.catalina.startup.VersionLoggerListener.log Command line argument: -Djava.util.logging.config.file=/home/dev1068/Trup/trup@softvan.in/Intern-tasks/hibernate_curd/conf/logging.properties
31-Dec-2023 13:46:02.327 INFO [main] org.apache.catalina.startup.VersionLoggerListener.log Command line argument: -Djava.util.logging.manager=org.apache.juli.ClassLoaderLogManager
31-Dec-2023 13:46:02.327 INFO [main] org.apache.catalina.startup.VersionLoggerListener.log Command line argument: -javaagent:/home/dev1068/.local/share/JetBrains/Toolbox/apps/intellij-idea-ultimate/lib/idea_rt.jar=33129:/home/dev1068/.local/share/JetBrains/Toolbox/apps/intellij-idea-ultimate/bin
31-Dec-2023 13:46:02.327 INFO [main] org.apache.catalina.startup.VersionLoggerListener.log Command line argument: -Dfile.encoding=UTF-8
31-Dec-2023 13:46:02.328 INFO [main] org.apache.catalina.core.AprLifecycleListener.lifecycleEvent The Apache Tomcat Native library which allows using OpenSSL was not found on the java.library.path: [/usr/java/packages/lib:/usr/lib64:/lib64:/lib:/usr/lib]
31-Dec-2023 13:46:02.718 INFO [main] org.apache.coyote.AbstractProtocol.init Initializing ProtocolHandler ["http-nio-8080"]
31-Dec-2023 13:46:02.741 INFO [main] org.apache.catalina.startup.Catalina.load Server initialization in [623] milliseconds
31-Dec-2023 13:46:02.803 INFO [main] org.apache.catalina.core.StandardService.startInternal Starting service [Catalina]
31-Dec-2023 13:46:02.803 INFO [main] org.apache.catalina.core.StandardEngine.startInternal Starting Servlet engine: [Apache Tomcat/9.0.84]
31-Dec-2023 13:46:02.812 INFO [main] org.apache.catalina.startup.HostConfig.deployDescriptor Deploying deployment descriptor [/home/dev1068/Trup/trup@softvan.in/Intern-tasks/hibernate_curd/conf/Catalina/localhost/hibernate_curd.xml]
31-Dec-2023 13:46:04.281 INFO [main] org.apache.jasper.servlet.TldScanner.scanJars At least one JAR was scanned for TLDs yet contained no TLDs. Enable debug logging for this logger for a complete list of JARs that were scanned but no TLDs were found in them. Skipping unneeded JARs during scanning can improve startup time and JSP compilation time.
31-Dec-2023 13:46:04.320 INFO [main] org.apache.catalina.startup.HostConfig.deployDescriptor Deployment of deployment descriptor [/home/dev1068/Trup/trup@softvan.in/Intern-tasks/hibernate_curd/conf/Catalina/localhost/hibernate_curd.xml] has finished in [1,507] ms
31-Dec-2023 13:46:04.323 INFO [main] org.apache.coyote.AbstractProtocol.start Starting ProtocolHandler ["http-nio-8080"]
31-Dec-2023 13:46:04.341 INFO [main] org.apache.catalina.startup.Catalina.start Server startup in [1599] milliseconds
31-Dec-2023 13:46:12.202 INFO [http-nio-8080-exec-3] org.hibernate.Version.logVersion HHH000412: Hibernate ORM core version 5.6.10.Final
31-Dec-2023 13:46:12.731 INFO [http-nio-8080-exec-3] org.hibernate.annotations.common.reflection.java.JavaReflectionManager.<clinit> HCANN000001: Hibernate Commons Annotations {5.1.2.Final}
31-Dec-2023 13:46:12.855 WARN [http-nio-8080-exec-3] org.hibernate.engine.jdbc.connections.internal.DriverManagerConnectionProviderImpl.configure HHH10001002: Using Hibernate built-in connection pool (not for production use!)
31-Dec-2023 13:46:12.859 INFO [http-nio-8080-exec-3] org.hibernate.engine.jdbc.connections.internal.DriverManagerConnectionProviderImpl.buildCreator HHH10001005: using driver [com.mysql.jdbc.Driver] at URL [jdbc:mysql://localhost/jdbc]
31-Dec-2023 13:46:12.859 INFO [http-nio-8080-exec-3] org.hibernate.engine.jdbc.connections.internal.DriverManagerConnectionProviderImpl.buildCreator HHH10001001: Connection properties: {password=****, user=root}
31-Dec-2023 13:46:12.860 INFO [http-nio-8080-exec-3] org.hibernate.engine.jdbc.connections.internal.DriverManagerConnectionProviderImpl.buildCreator HHH10001003: Autocommit mode: false
31-Dec-2023 13:46:12.864 INFO [http-nio-8080-exec-3] org.hibernate.engine.jdbc.connections.internal.DriverManagerConnectionProviderImpl$PooledConnections.<init> HHH000115: Hibernate connection pool size: 20 (min=1)
31-Dec-2023 13:46:13.146 INFO [http-nio-8080-exec-3] org.hibernate.dialect.Dialect.<init> HHH000400: Using dialect: org.hibernate.dialect.MySQL8Dialect
31-Dec-2023 13:46:13.764 INFO [http-nio-8080-exec-3] org.hibernate.resource.transaction.backend.jdbc.internal.DdlTransactionIsolatorNonJtaImpl.getIsolatedConnection HHH10001501: Connection obtained from JdbcConnectionAccess [org.hibernate.engine.jdbc.env.internal.JdbcEnvironmentInitiator$ConnectionProviderJdbcConnectionAccess@2c5f27ae] for (non-JTA) DDL execution was not in auto-commit mode; the Connection 'local transaction' will be committed and the Connection will be set into auto-commit mode.
31-Dec-2023 13:46:13.794 INFO [http-nio-8080-exec-3] org.hibernate.engine.transaction.jta.platform.internal.JtaPlatformInitiator.initiateService HHH000490: Using JtaPlatform implementation: [org.hibernate.engine.transaction.jta.platform.internal.NoJtaPlatform]
31-Dec-2023 13:46:13.929 WARN [http-nio-8080-exec-3] org.hibernate.engine.jdbc.connections.internal.DriverManagerConnectionProviderImpl.configure HHH10001002: Using Hibernate built-in connection pool (not for production use!)
31-Dec-2023 13:46:13.930 INFO [http-nio-8080-exec-3] org.hibernate.engine.jdbc.connections.internal.DriverManagerConnectionProviderImpl.buildCreator HHH10001005: using driver [com.mysql.jdbc.Driver] at URL [jdbc:mysql://localhost/jdbc]
31-Dec-2023 13:46:13.930 INFO [http-nio-8080-exec-3] org.hibernate.engine.jdbc.connections.internal.DriverManagerConnectionProviderImpl.buildCreator HHH10001001: Connection properties: {password=****, user=root}
31-Dec-2023 13:46:13.930 INFO [http-nio-8080-exec-3] org.hibernate.engine.jdbc.connections.internal.DriverManagerConnectionProviderImpl.buildCreator HHH10001003: Autocommit mode: false
31-Dec-2023 13:46:13.930 INFO [http-nio-8080-exec-3] org.hibernate.engine.jdbc.connections.internal.DriverManagerConnectionProviderImpl$PooledConnections.<init> HHH000115: Hibernate connection pool size: 20 (min=1)
31-Dec-2023 13:46:13.944 INFO [http-nio-8080-exec-3] org.hibernate.dialect.Dialect.<init> HHH000400: Using dialect: org.hibernate.dialect.MySQL8Dialect
31-Dec-2023 13:46:13.970 INFO [http-nio-8080-exec-3] org.hibernate.resource.transaction.backend.jdbc.internal.DdlTransactionIsolatorNonJtaImpl.getIsolatedConnection HHH10001501: Connection obtained from JdbcConnectionAccess [org.hibernate.engine.jdbc.env.internal.JdbcEnvironmentInitiator$ConnectionProviderJdbcConnectionAccess@67e56fc1] for (non-JTA) DDL execution was not in auto-commit mode; the Connection 'local transaction' will be committed and the Connection will be set into auto-commit mode.
31-Dec-2023 13:46:13.982 INFO [http-nio-8080-exec-3] org.hibernate.engine.transaction.jta.platform.internal.JtaPlatformInitiator.initiateService HHH000490: Using JtaPlatform implementation: [org.hibernate.engine.transaction.jta.platform.internal.NoJtaPlatform]
