29-Dec-2023 11:18:01.954 INFO [main] org.apache.catalina.core.ApplicationContext.log No Spring WebApplicationInitializer types detected on classpath
29-Dec-2023 11:19:23.616 INFO [Catalina-utility-2] org.apache.catalina.core.ApplicationContext.log No Spring WebApplicationInitializer types detected on classpath
29-Dec-2023 11:19:23.924 INFO [main] org.apache.catalina.core.ApplicationContext.log No Spring WebApplicationInitializer types detected on classpath
29-Dec-2023 11:20:25.112 INFO [main] org.apache.catalina.core.ApplicationContext.log No Spring WebApplicationInitializer types detected on classpath
29-Dec-2023 11:38:24.401 INFO [main] org.apache.catalina.core.ApplicationContext.log No Spring WebApplicationInitializer types detected on classpath
29-Dec-2023 11:38:32.902 SEVERE [http-nio-8080-exec-3] org.apache.catalina.core.StandardWrapperValve.invoke Servlet.service() for servlet [RegController] in context with path [/hibernate_curd] threw exception
	org.hibernate.exception.SQLGrammarException: error performing isolated work
		at org.hibernate.exception.internal.SQLExceptionTypeDelegate.convert(SQLExceptionTypeDelegate.java:63)
		at org.hibernate.exception.internal.StandardSQLExceptionConverter.convert(StandardSQLExceptionConverter.java:37)
		at org.hibernate.engine.jdbc.spi.SqlExceptionHelper.convert(SqlExceptionHelper.java:113)
		at org.hibernate.engine.jdbc.spi.SqlExceptionHelper.convert(SqlExceptionHelper.java:99)
		at org.hibernate.resource.transaction.backend.jdbc.internal.JdbcIsolationDelegate.delegateWork(JdbcIsolationDelegate.java:79)
		at org.hibernate.id.enhanced.TableStructure$1.getNextValue(TableStructure.java:137)
		at org.hibernate.id.enhanced.NoopOptimizer.generate(NoopOptimizer.java:40)
		at org.hibernate.id.enhanced.SequenceStyleGenerator.generate(SequenceStyleGenerator.java:534)
		at org.hibernate.event.internal.AbstractSaveEventListener.saveWithGeneratedId(AbstractSaveEventListener.java:115)
		at org.hibernate.event.internal.DefaultSaveOrUpdateEventListener.saveWithGeneratedOrRequestedId(DefaultSaveOrUpdateEventListener.java:194)
		at org.hibernate.event.internal.DefaultSaveEventListener.saveWithGeneratedOrRequestedId(DefaultSaveEventListener.java:38)
		at org.hibernate.event.internal.DefaultSaveOrUpdateEventListener.entityIsTransient(DefaultSaveOrUpdateEventListener.java:179)
		at org.hibernate.event.internal.DefaultSaveEventListener.performSaveOrUpdate(DefaultSaveEventListener.java:32)
		at org.hibernate.event.internal.DefaultSaveOrUpdateEventListener.onSaveOrUpdate(DefaultSaveOrUpdateEventListener.java:75)
		at org.hibernate.event.service.internal.EventListenerGroupImpl.fireEventOnEachListener(EventListenerGroupImpl.java:107)
		at org.hibernate.internal.SessionImpl.fireSave(SessionImpl.java:672)
		at org.hibernate.internal.SessionImpl.save(SessionImpl.java:665)
		at org.hibernate.internal.SessionImpl.save(SessionImpl.java:660)
		at Dao.RegDao.save(RegDao.java:14)
		at Controller.RegController.doPost(RegController.java:22)
		at javax.servlet.http.HttpServlet.service(HttpServlet.java:555)
		at javax.servlet.http.HttpServlet.service(HttpServlet.java:623)
		at org.apache.catalina.core.ApplicationFilterChain.internalDoFilter(ApplicationFilterChain.java:209)
		at org.apache.catalina.core.ApplicationFilterChain.doFilter(ApplicationFilterChain.java:153)
		at org.apache.tomcat.websocket.server.WsFilter.doFilter(WsFilter.java:51)
		at org.apache.catalina.core.ApplicationFilterChain.internalDoFilter(ApplicationFilterChain.java:178)
		at org.apache.catalina.core.ApplicationFilterChain.doFilter(ApplicationFilterChain.java:153)
		at org.apache.catalina.core.StandardWrapperValve.invoke(StandardWrapperValve.java:168)
		at org.apache.catalina.core.StandardContextValve.invoke(StandardContextValve.java:90)
		at org.apache.catalina.authenticator.AuthenticatorBase.invoke(AuthenticatorBase.java:481)
		at org.apache.catalina.core.StandardHostValve.invoke(StandardHostValve.java:130)
		at org.apache.catalina.valves.ErrorReportValve.invoke(ErrorReportValve.java:93)
		at org.apache.catalina.valves.AbstractAccessLogValve.invoke(AbstractAccessLogValve.java:670)
		at org.apache.catalina.core.StandardEngineValve.invoke(StandardEngineValve.java:74)
		at org.apache.catalina.connector.CoyoteAdapter.service(CoyoteAdapter.java:342)
		at org.apache.coyote.http11.Http11Processor.service(Http11Processor.java:390)
		at org.apache.coyote.AbstractProcessorLight.process(AbstractProcessorLight.java:63)
		at org.apache.coyote.AbstractProtocol$ConnectionHandler.process(AbstractProtocol.java:928)
		at org.apache.tomcat.util.net.NioEndpoint$SocketProcessor.doRun(NioEndpoint.java:1794)
		at org.apache.tomcat.util.net.SocketProcessorBase.run(SocketProcessorBase.java:52)
		at org.apache.tomcat.util.threads.ThreadPoolExecutor.runWorker(ThreadPoolExecutor.java:1191)
		at org.apache.tomcat.util.threads.ThreadPoolExecutor$Worker.run(ThreadPoolExecutor.java:659)
		at org.apache.tomcat.util.threads.TaskThread$WrappingRunnable.run(TaskThread.java:61)
		at java.base/java.lang.Thread.run(Thread.java:829)
	Caused by: java.sql.SQLSyntaxErrorException: Table 'jdbc.hibernate_sequence' doesn't exist
		at com.mysql.cj.jdbc.exceptions.SQLError.createSQLException(SQLError.java:120)
		at com.mysql.cj.jdbc.exceptions.SQLError.createSQLException(SQLError.java:97)
		at com.mysql.cj.jdbc.exceptions.SQLExceptionsMapping.translateException(SQLExceptionsMapping.java:122)
		at com.mysql.cj.jdbc.ClientPreparedStatement.executeInternal(ClientPreparedStatement.java:974)
		at com.mysql.cj.jdbc.ClientPreparedStatement.executeQuery(ClientPreparedStatement.java:1024)
		at org.hibernate.id.enhanced.TableStructure.executeQuery(TableStructure.java:228)
		at org.hibernate.id.enhanced.TableStructure.access$300(TableStructure.java:45)
		at org.hibernate.id.enhanced.TableStructure$1$1.execute(TableStructure.java:150)
		at org.hibernate.id.enhanced.TableStructure$1$1.execute(TableStructure.java:138)
		at org.hibernate.jdbc.WorkExecutor.executeReturningWork(WorkExecutor.java:55)
		at org.hibernate.jdbc.AbstractReturningWork.accept(AbstractReturningWork.java:34)
		at org.hibernate.resource.transaction.backend.jdbc.internal.JdbcIsolationDelegate.delegateWork(JdbcIsolationDelegate.java:57)
		... 39 more
29-Dec-2023 11:41:37.110 INFO [main] org.apache.catalina.core.ApplicationContext.log No Spring WebApplicationInitializer types detected on classpath
29-Dec-2023 11:41:45.823 SEVERE [http-nio-8080-exec-3] org.apache.catalina.core.StandardWrapperValve.invoke Servlet.service() for servlet [RegController] in context with path [/hibernate_curd] threw exception
	org.hibernate.exception.SQLGrammarException: could not execute statement
		at org.hibernate.exception.internal.SQLExceptionTypeDelegate.convert(SQLExceptionTypeDelegate.java:63)
		at org.hibernate.exception.internal.StandardSQLExceptionConverter.convert(StandardSQLExceptionConverter.java:37)
		at org.hibernate.engine.jdbc.spi.SqlExceptionHelper.convert(SqlExceptionHelper.java:113)
		at org.hibernate.engine.jdbc.spi.SqlExceptionHelper.convert(SqlExceptionHelper.java:99)
		at org.hibernate.engine.jdbc.internal.ResultSetReturnImpl.executeUpdate(ResultSetReturnImpl.java:200)
		at org.hibernate.dialect.identity.GetGeneratedKeysDelegate.executeAndExtract(GetGeneratedKeysDelegate.java:58)
		at org.hibernate.id.insert.AbstractReturningDelegate.performInsert(AbstractReturningDelegate.java:43)
		at org.hibernate.persister.entity.AbstractEntityPersister.insert(AbstractEntityPersister.java:3279)
		at org.hibernate.persister.entity.AbstractEntityPersister.insert(AbstractEntityPersister.java:3885)
		at org.hibernate.action.internal.EntityIdentityInsertAction.execute(EntityIdentityInsertAction.java:84)
		at org.hibernate.engine.spi.ActionQueue.execute(ActionQueue.java:645)
		at org.hibernate.engine.spi.ActionQueue.addResolvedEntityInsertAction(ActionQueue.java:282)
		at org.hibernate.engine.spi.ActionQueue.addInsertAction(ActionQueue.java:263)
		at org.hibernate.engine.spi.ActionQueue.addAction(ActionQueue.java:317)
		at org.hibernate.event.internal.AbstractSaveEventListener.addInsertAction(AbstractSaveEventListener.java:330)
		at org.hibernate.event.internal.AbstractSaveEventListener.performSaveOrReplicate(AbstractSaveEventListener.java:287)
		at org.hibernate.event.internal.AbstractSaveEventListener.performSave(AbstractSaveEventListener.java:193)
		at org.hibernate.event.internal.AbstractSaveEventListener.saveWithGeneratedId(AbstractSaveEventListener.java:123)
		at org.hibernate.event.internal.DefaultSaveOrUpdateEventListener.saveWithGeneratedOrRequestedId(DefaultSaveOrUpdateEventListener.java:194)
		at org.hibernate.event.internal.DefaultSaveEventListener.saveWithGeneratedOrRequestedId(DefaultSaveEventListener.java:38)
		at org.hibernate.event.internal.DefaultSaveOrUpdateEventListener.entityIsTransient(DefaultSaveOrUpdateEventListener.java:179)
		at org.hibernate.event.internal.DefaultSaveEventListener.performSaveOrUpdate(DefaultSaveEventListener.java:32)
		at org.hibernate.event.internal.DefaultSaveOrUpdateEventListener.onSaveOrUpdate(DefaultSaveOrUpdateEventListener.java:75)
		at org.hibernate.event.service.internal.EventListenerGroupImpl.fireEventOnEachListener(EventListenerGroupImpl.java:107)
		at org.hibernate.internal.SessionImpl.fireSave(SessionImpl.java:672)
		at org.hibernate.internal.SessionImpl.save(SessionImpl.java:665)
		at org.hibernate.internal.SessionImpl.save(SessionImpl.java:660)
		at Dao.RegDao.save(RegDao.java:14)
		at Controller.RegController.doPost(RegController.java:22)
		at javax.servlet.http.HttpServlet.service(HttpServlet.java:555)
		at javax.servlet.http.HttpServlet.service(HttpServlet.java:623)
		at org.apache.catalina.core.ApplicationFilterChain.internalDoFilter(ApplicationFilterChain.java:209)
		at org.apache.catalina.core.ApplicationFilterChain.doFilter(ApplicationFilterChain.java:153)
		at org.apache.tomcat.websocket.server.WsFilter.doFilter(WsFilter.java:51)
		at org.apache.catalina.core.ApplicationFilterChain.internalDoFilter(ApplicationFilterChain.java:178)
		at org.apache.catalina.core.ApplicationFilterChain.doFilter(ApplicationFilterChain.java:153)
		at org.apache.catalina.core.StandardWrapperValve.invoke(StandardWrapperValve.java:168)
		at org.apache.catalina.core.StandardContextValve.invoke(StandardContextValve.java:90)
		at org.apache.catalina.authenticator.AuthenticatorBase.invoke(AuthenticatorBase.java:481)
		at org.apache.catalina.core.StandardHostValve.invoke(StandardHostValve.java:130)
		at org.apache.catalina.valves.ErrorReportValve.invoke(ErrorReportValve.java:93)
		at org.apache.catalina.valves.AbstractAccessLogValve.invoke(AbstractAccessLogValve.java:670)
		at org.apache.catalina.core.StandardEngineValve.invoke(StandardEngineValve.java:74)
		at org.apache.catalina.connector.CoyoteAdapter.service(CoyoteAdapter.java:342)
		at org.apache.coyote.http11.Http11Processor.service(Http11Processor.java:390)
		at org.apache.coyote.AbstractProcessorLight.process(AbstractProcessorLight.java:63)
		at org.apache.coyote.AbstractProtocol$ConnectionHandler.process(AbstractProtocol.java:928)
		at org.apache.tomcat.util.net.NioEndpoint$SocketProcessor.doRun(NioEndpoint.java:1794)
		at org.apache.tomcat.util.net.SocketProcessorBase.run(SocketProcessorBase.java:52)
		at org.apache.tomcat.util.threads.ThreadPoolExecutor.runWorker(ThreadPoolExecutor.java:1191)
		at org.apache.tomcat.util.threads.ThreadPoolExecutor$Worker.run(ThreadPoolExecutor.java:659)
		at org.apache.tomcat.util.threads.TaskThread$WrappingRunnable.run(TaskThread.java:61)
		at java.base/java.lang.Thread.run(Thread.java:829)
	Caused by: java.sql.SQLSyntaxErrorException: Table 'jdbc.hibernate' doesn't exist
		at com.mysql.cj.jdbc.exceptions.SQLError.createSQLException(SQLError.java:120)
		at com.mysql.cj.jdbc.exceptions.SQLError.createSQLException(SQLError.java:97)
		at com.mysql.cj.jdbc.exceptions.SQLExceptionsMapping.translateException(SQLExceptionsMapping.java:122)
		at com.mysql.cj.jdbc.ClientPreparedStatement.executeInternal(ClientPreparedStatement.java:974)
		at com.mysql.cj.jdbc.ClientPreparedStatement.executeUpdateInternal(ClientPreparedStatement.java:1113)
		at com.mysql.cj.jdbc.ClientPreparedStatement.executeUpdateInternal(ClientPreparedStatement.java:1061)
		at com.mysql.cj.jdbc.ClientPreparedStatement.executeLargeUpdate(ClientPreparedStatement.java:1381)
		at com.mysql.cj.jdbc.ClientPreparedStatement.executeUpdate(ClientPreparedStatement.java:1046)
		at org.hibernate.engine.jdbc.internal.ResultSetReturnImpl.executeUpdate(ResultSetReturnImpl.java:197)
		... 48 more
29-Dec-2023 11:42:27.980 INFO [main] org.apache.catalina.core.ApplicationContext.log No Spring WebApplicationInitializer types detected on classpath
29-Dec-2023 11:42:36.436 SEVERE [http-nio-8080-exec-3] org.apache.catalina.core.StandardWrapperValve.invoke Servlet.service() for servlet [RegController] in context with path [/hibernate_curd] threw exception
	org.hibernate.exception.SQLGrammarException: could not execute statement
		at org.hibernate.exception.internal.SQLExceptionTypeDelegate.convert(SQLExceptionTypeDelegate.java:63)
		at org.hibernate.exception.internal.StandardSQLExceptionConverter.convert(StandardSQLExceptionConverter.java:37)
		at org.hibernate.engine.jdbc.spi.SqlExceptionHelper.convert(SqlExceptionHelper.java:113)
		at org.hibernate.engine.jdbc.spi.SqlExceptionHelper.convert(SqlExceptionHelper.java:99)
		at org.hibernate.engine.jdbc.internal.ResultSetReturnImpl.executeUpdate(ResultSetReturnImpl.java:200)
		at org.hibernate.dialect.identity.GetGeneratedKeysDelegate.executeAndExtract(GetGeneratedKeysDelegate.java:58)
		at org.hibernate.id.insert.AbstractReturningDelegate.performInsert(AbstractReturningDelegate.java:43)
		at org.hibernate.persister.entity.AbstractEntityPersister.insert(AbstractEntityPersister.java:3279)
		at org.hibernate.persister.entity.AbstractEntityPersister.insert(AbstractEntityPersister.java:3885)
		at org.hibernate.action.internal.EntityIdentityInsertAction.execute(EntityIdentityInsertAction.java:84)
		at org.hibernate.engine.spi.ActionQueue.execute(ActionQueue.java:645)
		at org.hibernate.engine.spi.ActionQueue.addResolvedEntityInsertAction(ActionQueue.java:282)
		at org.hibernate.engine.spi.ActionQueue.addInsertAction(ActionQueue.java:263)
		at org.hibernate.engine.spi.ActionQueue.addAction(ActionQueue.java:317)
		at org.hibernate.event.internal.AbstractSaveEventListener.addInsertAction(AbstractSaveEventListener.java:330)
		at org.hibernate.event.internal.AbstractSaveEventListener.performSaveOrReplicate(AbstractSaveEventListener.java:287)
		at org.hibernate.event.internal.AbstractSaveEventListener.performSave(AbstractSaveEventListener.java:193)
		at org.hibernate.event.internal.AbstractSaveEventListener.saveWithGeneratedId(AbstractSaveEventListener.java:123)
		at org.hibernate.event.internal.DefaultSaveOrUpdateEventListener.saveWithGeneratedOrRequestedId(DefaultSaveOrUpdateEventListener.java:194)
		at org.hibernate.event.internal.DefaultSaveEventListener.saveWithGeneratedOrRequestedId(DefaultSaveEventListener.java:38)
		at org.hibernate.event.internal.DefaultSaveOrUpdateEventListener.entityIsTransient(DefaultSaveOrUpdateEventListener.java:179)
		at org.hibernate.event.internal.DefaultSaveEventListener.performSaveOrUpdate(DefaultSaveEventListener.java:32)
		at org.hibernate.event.internal.DefaultSaveOrUpdateEventListener.onSaveOrUpdate(DefaultSaveOrUpdateEventListener.java:75)
		at org.hibernate.event.service.internal.EventListenerGroupImpl.fireEventOnEachListener(EventListenerGroupImpl.java:107)
		at org.hibernate.internal.SessionImpl.fireSave(SessionImpl.java:672)
		at org.hibernate.internal.SessionImpl.save(SessionImpl.java:665)
		at org.hibernate.internal.SessionImpl.save(SessionImpl.java:660)
		at Dao.RegDao.save(RegDao.java:14)
		at Controller.RegController.doPost(RegController.java:22)
		at javax.servlet.http.HttpServlet.service(HttpServlet.java:555)
		at javax.servlet.http.HttpServlet.service(HttpServlet.java:623)
		at org.apache.catalina.core.ApplicationFilterChain.internalDoFilter(ApplicationFilterChain.java:209)
		at org.apache.catalina.core.ApplicationFilterChain.doFilter(ApplicationFilterChain.java:153)
		at org.apache.tomcat.websocket.server.WsFilter.doFilter(WsFilter.java:51)
		at org.apache.catalina.core.ApplicationFilterChain.internalDoFilter(ApplicationFilterChain.java:178)
		at org.apache.catalina.core.ApplicationFilterChain.doFilter(ApplicationFilterChain.java:153)
		at org.apache.catalina.core.StandardWrapperValve.invoke(StandardWrapperValve.java:168)
		at org.apache.catalina.core.StandardContextValve.invoke(StandardContextValve.java:90)
		at org.apache.catalina.authenticator.AuthenticatorBase.invoke(AuthenticatorBase.java:481)
		at org.apache.catalina.core.StandardHostValve.invoke(StandardHostValve.java:130)
		at org.apache.catalina.valves.ErrorReportValve.invoke(ErrorReportValve.java:93)
		at org.apache.catalina.valves.AbstractAccessLogValve.invoke(AbstractAccessLogValve.java:670)
		at org.apache.catalina.core.StandardEngineValve.invoke(StandardEngineValve.java:74)
		at org.apache.catalina.connector.CoyoteAdapter.service(CoyoteAdapter.java:342)
		at org.apache.coyote.http11.Http11Processor.service(Http11Processor.java:390)
		at org.apache.coyote.AbstractProcessorLight.process(AbstractProcessorLight.java:63)
		at org.apache.coyote.AbstractProtocol$ConnectionHandler.process(AbstractProtocol.java:928)
		at org.apache.tomcat.util.net.NioEndpoint$SocketProcessor.doRun(NioEndpoint.java:1794)
		at org.apache.tomcat.util.net.SocketProcessorBase.run(SocketProcessorBase.java:52)
		at org.apache.tomcat.util.threads.ThreadPoolExecutor.runWorker(ThreadPoolExecutor.java:1191)
		at org.apache.tomcat.util.threads.ThreadPoolExecutor$Worker.run(ThreadPoolExecutor.java:659)
		at org.apache.tomcat.util.threads.TaskThread$WrappingRunnable.run(TaskThread.java:61)
		at java.base/java.lang.Thread.run(Thread.java:829)
	Caused by: java.sql.SQLSyntaxErrorException: Table 'jdbc.RegVo' doesn't exist
		at com.mysql.cj.jdbc.exceptions.SQLError.createSQLException(SQLError.java:120)
		at com.mysql.cj.jdbc.exceptions.SQLError.createSQLException(SQLError.java:97)
		at com.mysql.cj.jdbc.exceptions.SQLExceptionsMapping.translateException(SQLExceptionsMapping.java:122)
		at com.mysql.cj.jdbc.ClientPreparedStatement.executeInternal(ClientPreparedStatement.java:974)
		at com.mysql.cj.jdbc.ClientPreparedStatement.executeUpdateInternal(ClientPreparedStatement.java:1113)
		at com.mysql.cj.jdbc.ClientPreparedStatement.executeUpdateInternal(ClientPreparedStatement.java:1061)
		at com.mysql.cj.jdbc.ClientPreparedStatement.executeLargeUpdate(ClientPreparedStatement.java:1381)
		at com.mysql.cj.jdbc.ClientPreparedStatement.executeUpdate(ClientPreparedStatement.java:1046)
		at org.hibernate.engine.jdbc.internal.ResultSetReturnImpl.executeUpdate(ResultSetReturnImpl.java:197)
		... 48 more
29-Dec-2023 11:43:42.307 INFO [main] org.apache.catalina.core.ApplicationContext.log No Spring WebApplicationInitializer types detected on classpath
29-Dec-2023 11:43:54.477 INFO [main] org.apache.catalina.core.ApplicationContext.log No Spring WebApplicationInitializer types detected on classpath
29-Dec-2023 11:44:02.505 SEVERE [http-nio-8080-exec-3] org.apache.catalina.core.StandardWrapperValve.invoke Servlet.service() for servlet [RegController] in context with path [/hibernate_curd] threw exception
	org.hibernate.exception.SQLGrammarException: could not execute statement
		at org.hibernate.exception.internal.SQLExceptionTypeDelegate.convert(SQLExceptionTypeDelegate.java:63)
		at org.hibernate.exception.internal.StandardSQLExceptionConverter.convert(StandardSQLExceptionConverter.java:37)
		at org.hibernate.engine.jdbc.spi.SqlExceptionHelper.convert(SqlExceptionHelper.java:113)
		at org.hibernate.engine.jdbc.spi.SqlExceptionHelper.convert(SqlExceptionHelper.java:99)
		at org.hibernate.engine.jdbc.internal.ResultSetReturnImpl.executeUpdate(ResultSetReturnImpl.java:200)
		at org.hibernate.dialect.identity.GetGeneratedKeysDelegate.executeAndExtract(GetGeneratedKeysDelegate.java:58)
		at org.hibernate.id.insert.AbstractReturningDelegate.performInsert(AbstractReturningDelegate.java:43)
		at org.hibernate.persister.entity.AbstractEntityPersister.insert(AbstractEntityPersister.java:3279)
		at org.hibernate.persister.entity.AbstractEntityPersister.insert(AbstractEntityPersister.java:3885)
		at org.hibernate.action.internal.EntityIdentityInsertAction.execute(EntityIdentityInsertAction.java:84)
		at org.hibernate.engine.spi.ActionQueue.execute(ActionQueue.java:645)
		at org.hibernate.engine.spi.ActionQueue.addResolvedEntityInsertAction(ActionQueue.java:282)
		at org.hibernate.engine.spi.ActionQueue.addInsertAction(ActionQueue.java:263)
		at org.hibernate.engine.spi.ActionQueue.addAction(ActionQueue.java:317)
		at org.hibernate.event.internal.AbstractSaveEventListener.addInsertAction(AbstractSaveEventListener.java:330)
		at org.hibernate.event.internal.AbstractSaveEventListener.performSaveOrReplicate(AbstractSaveEventListener.java:287)
		at org.hibernate.event.internal.AbstractSaveEventListener.performSave(AbstractSaveEventListener.java:193)
		at org.hibernate.event.internal.AbstractSaveEventListener.saveWithGeneratedId(AbstractSaveEventListener.java:123)
		at org.hibernate.event.internal.DefaultSaveOrUpdateEventListener.saveWithGeneratedOrRequestedId(DefaultSaveOrUpdateEventListener.java:194)
		at org.hibernate.event.internal.DefaultSaveEventListener.saveWithGeneratedOrRequestedId(DefaultSaveEventListener.java:38)
		at org.hibernate.event.internal.DefaultSaveOrUpdateEventListener.entityIsTransient(DefaultSaveOrUpdateEventListener.java:179)
		at org.hibernate.event.internal.DefaultSaveEventListener.performSaveOrUpdate(DefaultSaveEventListener.java:32)
		at org.hibernate.event.internal.DefaultSaveOrUpdateEventListener.onSaveOrUpdate(DefaultSaveOrUpdateEventListener.java:75)
		at org.hibernate.event.service.internal.EventListenerGroupImpl.fireEventOnEachListener(EventListenerGroupImpl.java:107)
		at org.hibernate.internal.SessionImpl.fireSave(SessionImpl.java:672)
		at org.hibernate.internal.SessionImpl.save(SessionImpl.java:665)
		at org.hibernate.internal.SessionImpl.save(SessionImpl.java:660)
		at Dao.RegDao.save(RegDao.java:14)
		at Controller.RegController.doPost(RegController.java:22)
		at javax.servlet.http.HttpServlet.service(HttpServlet.java:555)
		at javax.servlet.http.HttpServlet.service(HttpServlet.java:623)
		at org.apache.catalina.core.ApplicationFilterChain.internalDoFilter(ApplicationFilterChain.java:209)
		at org.apache.catalina.core.ApplicationFilterChain.doFilter(ApplicationFilterChain.java:153)
		at org.apache.tomcat.websocket.server.WsFilter.doFilter(WsFilter.java:51)
		at org.apache.catalina.core.ApplicationFilterChain.internalDoFilter(ApplicationFilterChain.java:178)
		at org.apache.catalina.core.ApplicationFilterChain.doFilter(ApplicationFilterChain.java:153)
		at org.apache.catalina.core.StandardWrapperValve.invoke(StandardWrapperValve.java:168)
		at org.apache.catalina.core.StandardContextValve.invoke(StandardContextValve.java:90)
		at org.apache.catalina.authenticator.AuthenticatorBase.invoke(AuthenticatorBase.java:481)
		at org.apache.catalina.core.StandardHostValve.invoke(StandardHostValve.java:130)
		at org.apache.catalina.valves.ErrorReportValve.invoke(ErrorReportValve.java:93)
		at org.apache.catalina.valves.AbstractAccessLogValve.invoke(AbstractAccessLogValve.java:670)
		at org.apache.catalina.core.StandardEngineValve.invoke(StandardEngineValve.java:74)
		at org.apache.catalina.connector.CoyoteAdapter.service(CoyoteAdapter.java:342)
		at org.apache.coyote.http11.Http11Processor.service(Http11Processor.java:390)
		at org.apache.coyote.AbstractProcessorLight.process(AbstractProcessorLight.java:63)
		at org.apache.coyote.AbstractProtocol$ConnectionHandler.process(AbstractProtocol.java:928)
		at org.apache.tomcat.util.net.NioEndpoint$SocketProcessor.doRun(NioEndpoint.java:1794)
		at org.apache.tomcat.util.net.SocketProcessorBase.run(SocketProcessorBase.java:52)
		at org.apache.tomcat.util.threads.ThreadPoolExecutor.runWorker(ThreadPoolExecutor.java:1191)
		at org.apache.tomcat.util.threads.ThreadPoolExecutor$Worker.run(ThreadPoolExecutor.java:659)
		at org.apache.tomcat.util.threads.TaskThread$WrappingRunnable.run(TaskThread.java:61)
		at java.base/java.lang.Thread.run(Thread.java:829)
	Caused by: java.sql.SQLSyntaxErrorException: Table 'jdbc.RegVo' doesn't exist
		at com.mysql.cj.jdbc.exceptions.SQLError.createSQLException(SQLError.java:120)
		at com.mysql.cj.jdbc.exceptions.SQLError.createSQLException(SQLError.java:97)
		at com.mysql.cj.jdbc.exceptions.SQLExceptionsMapping.translateException(SQLExceptionsMapping.java:122)
		at com.mysql.cj.jdbc.ClientPreparedStatement.executeInternal(ClientPreparedStatement.java:974)
		at com.mysql.cj.jdbc.ClientPreparedStatement.executeUpdateInternal(ClientPreparedStatement.java:1113)
		at com.mysql.cj.jdbc.ClientPreparedStatement.executeUpdateInternal(ClientPreparedStatement.java:1061)
		at com.mysql.cj.jdbc.ClientPreparedStatement.executeLargeUpdate(ClientPreparedStatement.java:1381)
		at com.mysql.cj.jdbc.ClientPreparedStatement.executeUpdate(ClientPreparedStatement.java:1046)
		at org.hibernate.engine.jdbc.internal.ResultSetReturnImpl.executeUpdate(ResultSetReturnImpl.java:197)
		... 48 more
29-Dec-2023 11:44:46.722 INFO [main] org.apache.catalina.core.ApplicationContext.log No Spring WebApplicationInitializer types detected on classpath
29-Dec-2023 11:44:57.592 INFO [main] org.apache.catalina.core.ApplicationContext.log No Spring WebApplicationInitializer types detected on classpath
29-Dec-2023 11:45:49.221 INFO [main] org.apache.catalina.core.ApplicationContext.log No Spring WebApplicationInitializer types detected on classpath
29-Dec-2023 12:00:12.212 INFO [main] org.apache.catalina.core.ApplicationContext.log No Spring WebApplicationInitializer types detected on classpath
29-Dec-2023 15:28:02.452 INFO [main] org.apache.catalina.core.ApplicationContext.log No Spring WebApplicationInitializer types detected on classpath
29-Dec-2023 15:28:44.577 WARNING [Thread-1] org.apache.catalina.session.StandardSession.doWriteObject Cannot serialize session attribute [searchList] for session [35D08856EBF19B86C8272B6D8DD554A3]
	java.io.NotSerializableException: Vo.RegVo
		at java.base/java.io.ObjectOutputStream.writeObject0(ObjectOutputStream.java:1175)
		at java.base/java.io.ObjectOutputStream.writeObject(ObjectOutputStream.java:345)
		at java.base/java.util.ArrayList.writeObject(ArrayList.java:897)
		at java.base/jdk.internal.reflect.NativeMethodAccessorImpl.invoke0(Native Method)
		at java.base/jdk.internal.reflect.NativeMethodAccessorImpl.invoke(NativeMethodAccessorImpl.java:62)
		at java.base/jdk.internal.reflect.DelegatingMethodAccessorImpl.invoke(DelegatingMethodAccessorImpl.java:43)
		at java.base/java.lang.reflect.Method.invoke(Method.java:566)
		at java.base/java.io.ObjectStreamClass.invokeWriteObject(ObjectStreamClass.java:1016)
		at java.base/java.io.ObjectOutputStream.writeSerialData(ObjectOutputStream.java:1487)
		at java.base/java.io.ObjectOutputStream.writeOrdinaryObject(ObjectOutputStream.java:1423)
		at java.base/java.io.ObjectOutputStream.writeObject0(ObjectOutputStream.java:1169)
		at java.base/java.io.ObjectOutputStream.writeObject(ObjectOutputStream.java:345)
		at org.apache.catalina.session.StandardSession.doWriteObject(StandardSession.java:1647)
		at org.apache.catalina.session.StandardSession.writeObjectData(StandardSession.java:1015)
		at org.apache.catalina.session.StandardManager.doUnload(StandardManager.java:307)
		at org.apache.catalina.session.StandardManager.unload(StandardManager.java:259)
		at org.apache.catalina.session.StandardManager.stopInternal(StandardManager.java:374)
		at org.apache.catalina.util.LifecycleBase.stop(LifecycleBase.java:242)
		at org.apache.catalina.core.StandardContext.stopInternal(StandardContext.java:5143)
		at org.apache.catalina.util.LifecycleBase.stop(LifecycleBase.java:242)
		at org.apache.catalina.core.ContainerBase$StopChild.call(ContainerBase.java:1348)
		at org.apache.catalina.core.ContainerBase$StopChild.call(ContainerBase.java:1337)
		at java.base/java.util.concurrent.FutureTask.run(FutureTask.java:264)
		at org.apache.tomcat.util.threads.InlineExecutorService.execute(InlineExecutorService.java:75)
		at java.base/java.util.concurrent.AbstractExecutorService.submit(AbstractExecutorService.java:140)
		at org.apache.catalina.core.ContainerBase.stopInternal(ContainerBase.java:931)
		at org.apache.catalina.util.LifecycleBase.stop(LifecycleBase.java:242)
		at org.apache.catalina.core.ContainerBase$StopChild.call(ContainerBase.java:1348)
		at org.apache.catalina.core.ContainerBase$StopChild.call(ContainerBase.java:1337)
		at java.base/java.util.concurrent.FutureTask.run(FutureTask.java:264)
		at org.apache.tomcat.util.threads.InlineExecutorService.execute(InlineExecutorService.java:75)
		at java.base/java.util.concurrent.AbstractExecutorService.submit(AbstractExecutorService.java:140)
		at org.apache.catalina.core.ContainerBase.stopInternal(ContainerBase.java:931)
		at org.apache.catalina.util.LifecycleBase.stop(LifecycleBase.java:242)
		at org.apache.catalina.core.StandardService.stopInternal(StandardService.java:496)
		at org.apache.catalina.util.LifecycleBase.stop(LifecycleBase.java:242)
		at org.apache.catalina.core.StandardServer.stopInternal(StandardServer.java:973)
		at org.apache.catalina.util.LifecycleBase.stop(LifecycleBase.java:242)
		at org.apache.catalina.startup.Catalina.stop(Catalina.java:849)
		at org.apache.catalina.startup.Catalina$CatalinaShutdownHook.run(Catalina.java:996)
29-Dec-2023 15:40:39.179 INFO [main] org.apache.catalina.core.ApplicationContext.log No Spring WebApplicationInitializer types detected on classpath
29-Dec-2023 15:40:39.199 WARNING [main] org.apache.catalina.session.StandardSession.doReadObject Cannot deserialize session attribute [searchList] for session [35D08856EBF19B86C8272B6D8DD554A3]
29-Dec-2023 15:42:31.687 WARNING [Thread-1] org.apache.catalina.session.StandardSession.doWriteObject Cannot serialize session attribute [searchList] for session [35D08856EBF19B86C8272B6D8DD554A3]
	java.io.NotSerializableException: Vo.RegVo
		at java.base/java.io.ObjectOutputStream.writeObject0(ObjectOutputStream.java:1175)
		at java.base/java.io.ObjectOutputStream.writeObject(ObjectOutputStream.java:345)
		at java.base/java.util.ArrayList.writeObject(ArrayList.java:897)
		at java.base/jdk.internal.reflect.NativeMethodAccessorImpl.invoke0(Native Method)
		at java.base/jdk.internal.reflect.NativeMethodAccessorImpl.invoke(NativeMethodAccessorImpl.java:62)
		at java.base/jdk.internal.reflect.DelegatingMethodAccessorImpl.invoke(DelegatingMethodAccessorImpl.java:43)
		at java.base/java.lang.reflect.Method.invoke(Method.java:566)
		at java.base/java.io.ObjectStreamClass.invokeWriteObject(ObjectStreamClass.java:1016)
		at java.base/java.io.ObjectOutputStream.writeSerialData(ObjectOutputStream.java:1487)
		at java.base/java.io.ObjectOutputStream.writeOrdinaryObject(ObjectOutputStream.java:1423)
		at java.base/java.io.ObjectOutputStream.writeObject0(ObjectOutputStream.java:1169)
		at java.base/java.io.ObjectOutputStream.writeObject(ObjectOutputStream.java:345)
		at org.apache.catalina.session.StandardSession.doWriteObject(StandardSession.java:1647)
		at org.apache.catalina.session.StandardSession.writeObjectData(StandardSession.java:1015)
		at org.apache.catalina.session.StandardManager.doUnload(StandardManager.java:307)
		at org.apache.catalina.session.StandardManager.unload(StandardManager.java:259)
		at org.apache.catalina.session.StandardManager.stopInternal(StandardManager.java:374)
		at org.apache.catalina.util.LifecycleBase.stop(LifecycleBase.java:242)
		at org.apache.catalina.core.StandardContext.stopInternal(StandardContext.java:5143)
		at org.apache.catalina.util.LifecycleBase.stop(LifecycleBase.java:242)
		at org.apache.catalina.core.ContainerBase$StopChild.call(ContainerBase.java:1348)
		at org.apache.catalina.core.ContainerBase$StopChild.call(ContainerBase.java:1337)
		at java.base/java.util.concurrent.FutureTask.run(FutureTask.java:264)
		at org.apache.tomcat.util.threads.InlineExecutorService.execute(InlineExecutorService.java:75)
		at java.base/java.util.concurrent.AbstractExecutorService.submit(AbstractExecutorService.java:140)
		at org.apache.catalina.core.ContainerBase.stopInternal(ContainerBase.java:931)
		at org.apache.catalina.util.LifecycleBase.stop(LifecycleBase.java:242)
		at org.apache.catalina.core.ContainerBase$StopChild.call(ContainerBase.java:1348)
		at org.apache.catalina.core.ContainerBase$StopChild.call(ContainerBase.java:1337)
		at java.base/java.util.concurrent.FutureTask.run(FutureTask.java:264)
		at org.apache.tomcat.util.threads.InlineExecutorService.execute(InlineExecutorService.java:75)
		at java.base/java.util.concurrent.AbstractExecutorService.submit(AbstractExecutorService.java:140)
		at org.apache.catalina.core.ContainerBase.stopInternal(ContainerBase.java:931)
		at org.apache.catalina.util.LifecycleBase.stop(LifecycleBase.java:242)
		at org.apache.catalina.core.StandardService.stopInternal(StandardService.java:496)
		at org.apache.catalina.util.LifecycleBase.stop(LifecycleBase.java:242)
		at org.apache.catalina.core.StandardServer.stopInternal(StandardServer.java:973)
		at org.apache.catalina.util.LifecycleBase.stop(LifecycleBase.java:242)
		at org.apache.catalina.startup.Catalina.stop(Catalina.java:849)
		at org.apache.catalina.startup.Catalina$CatalinaShutdownHook.run(Catalina.java:996)
29-Dec-2023 15:42:49.906 INFO [main] org.apache.catalina.core.ApplicationContext.log No Spring WebApplicationInitializer types detected on classpath
29-Dec-2023 15:42:49.923 WARNING [main] org.apache.catalina.session.StandardSession.doReadObject Cannot deserialize session attribute [searchList] for session [35D08856EBF19B86C8272B6D8DD554A3]
29-Dec-2023 15:50:42.846 WARNING [Thread-1] org.apache.catalina.session.StandardSession.doWriteObject Cannot serialize session attribute [searchList] for session [35D08856EBF19B86C8272B6D8DD554A3]
	java.io.NotSerializableException: Vo.RegVo
		at java.base/java.io.ObjectOutputStream.writeObject0(ObjectOutputStream.java:1175)
		at java.base/java.io.ObjectOutputStream.writeObject(ObjectOutputStream.java:345)
		at java.base/java.util.ArrayList.writeObject(ArrayList.java:897)
		at java.base/jdk.internal.reflect.NativeMethodAccessorImpl.invoke0(Native Method)
		at java.base/jdk.internal.reflect.NativeMethodAccessorImpl.invoke(NativeMethodAccessorImpl.java:62)
		at java.base/jdk.internal.reflect.DelegatingMethodAccessorImpl.invoke(DelegatingMethodAccessorImpl.java:43)
		at java.base/java.lang.reflect.Method.invoke(Method.java:566)
		at java.base/java.io.ObjectStreamClass.invokeWriteObject(ObjectStreamClass.java:1016)
		at java.base/java.io.ObjectOutputStream.writeSerialData(ObjectOutputStream.java:1487)
		at java.base/java.io.ObjectOutputStream.writeOrdinaryObject(ObjectOutputStream.java:1423)
		at java.base/java.io.ObjectOutputStream.writeObject0(ObjectOutputStream.java:1169)
		at java.base/java.io.ObjectOutputStream.writeObject(ObjectOutputStream.java:345)
		at org.apache.catalina.session.StandardSession.doWriteObject(StandardSession.java:1647)
		at org.apache.catalina.session.StandardSession.writeObjectData(StandardSession.java:1015)
		at org.apache.catalina.session.StandardManager.doUnload(StandardManager.java:307)
		at org.apache.catalina.session.StandardManager.unload(StandardManager.java:259)
		at org.apache.catalina.session.StandardManager.stopInternal(StandardManager.java:374)
		at org.apache.catalina.util.LifecycleBase.stop(LifecycleBase.java:242)
		at org.apache.catalina.core.StandardContext.stopInternal(StandardContext.java:5143)
		at org.apache.catalina.util.LifecycleBase.stop(LifecycleBase.java:242)
		at org.apache.catalina.core.ContainerBase$StopChild.call(ContainerBase.java:1348)
		at org.apache.catalina.core.ContainerBase$StopChild.call(ContainerBase.java:1337)
		at java.base/java.util.concurrent.FutureTask.run(FutureTask.java:264)
		at org.apache.tomcat.util.threads.InlineExecutorService.execute(InlineExecutorService.java:75)
		at java.base/java.util.concurrent.AbstractExecutorService.submit(AbstractExecutorService.java:140)
		at org.apache.catalina.core.ContainerBase.stopInternal(ContainerBase.java:931)
		at org.apache.catalina.util.LifecycleBase.stop(LifecycleBase.java:242)
		at org.apache.catalina.core.ContainerBase$StopChild.call(ContainerBase.java:1348)
		at org.apache.catalina.core.ContainerBase$StopChild.call(ContainerBase.java:1337)
		at java.base/java.util.concurrent.FutureTask.run(FutureTask.java:264)
		at org.apache.tomcat.util.threads.InlineExecutorService.execute(InlineExecutorService.java:75)
		at java.base/java.util.concurrent.AbstractExecutorService.submit(AbstractExecutorService.java:140)
		at org.apache.catalina.core.ContainerBase.stopInternal(ContainerBase.java:931)
		at org.apache.catalina.util.LifecycleBase.stop(LifecycleBase.java:242)
		at org.apache.catalina.core.StandardService.stopInternal(StandardService.java:496)
		at org.apache.catalina.util.LifecycleBase.stop(LifecycleBase.java:242)
		at org.apache.catalina.core.StandardServer.stopInternal(StandardServer.java:973)
		at org.apache.catalina.util.LifecycleBase.stop(LifecycleBase.java:242)
		at org.apache.catalina.startup.Catalina.stop(Catalina.java:849)
		at org.apache.catalina.startup.Catalina$CatalinaShutdownHook.run(Catalina.java:996)
29-Dec-2023 15:51:13.218 INFO [main] org.apache.catalina.core.ApplicationContext.log No Spring WebApplicationInitializer types detected on classpath
29-Dec-2023 15:51:13.240 WARNING [main] org.apache.catalina.session.StandardSession.doReadObject Cannot deserialize session attribute [searchList] for session [35D08856EBF19B86C8272B6D8DD554A3]
29-Dec-2023 15:55:02.905 INFO [main] org.apache.catalina.core.ApplicationContext.log No Spring WebApplicationInitializer types detected on classpath
29-Dec-2023 15:57:37.583 WARNING [Thread-1] org.apache.catalina.session.StandardSession.doWriteObject Cannot serialize session attribute [searchList] for session [35D08856EBF19B86C8272B6D8DD554A3]
	java.io.NotSerializableException: Vo.RegVo
		at java.base/java.io.ObjectOutputStream.writeObject0(ObjectOutputStream.java:1175)
		at java.base/java.io.ObjectOutputStream.writeObject(ObjectOutputStream.java:345)
		at java.base/java.util.ArrayList.writeObject(ArrayList.java:897)
		at java.base/jdk.internal.reflect.NativeMethodAccessorImpl.invoke0(Native Method)
		at java.base/jdk.internal.reflect.NativeMethodAccessorImpl.invoke(NativeMethodAccessorImpl.java:62)
		at java.base/jdk.internal.reflect.DelegatingMethodAccessorImpl.invoke(DelegatingMethodAccessorImpl.java:43)
		at java.base/java.lang.reflect.Method.invoke(Method.java:566)
		at java.base/java.io.ObjectStreamClass.invokeWriteObject(ObjectStreamClass.java:1016)
		at java.base/java.io.ObjectOutputStream.writeSerialData(ObjectOutputStream.java:1487)
		at java.base/java.io.ObjectOutputStream.writeOrdinaryObject(ObjectOutputStream.java:1423)
		at java.base/java.io.ObjectOutputStream.writeObject0(ObjectOutputStream.java:1169)
		at java.base/java.io.ObjectOutputStream.writeObject(ObjectOutputStream.java:345)
		at org.apache.catalina.session.StandardSession.doWriteObject(StandardSession.java:1647)
		at org.apache.catalina.session.StandardSession.writeObjectData(StandardSession.java:1015)
		at org.apache.catalina.session.StandardManager.doUnload(StandardManager.java:307)
		at org.apache.catalina.session.StandardManager.unload(StandardManager.java:259)
		at org.apache.catalina.session.StandardManager.stopInternal(StandardManager.java:374)
		at org.apache.catalina.util.LifecycleBase.stop(LifecycleBase.java:242)
		at org.apache.catalina.core.StandardContext.stopInternal(StandardContext.java:5143)
		at org.apache.catalina.util.LifecycleBase.stop(LifecycleBase.java:242)
		at org.apache.catalina.core.ContainerBase$StopChild.call(ContainerBase.java:1348)
		at org.apache.catalina.core.ContainerBase$StopChild.call(ContainerBase.java:1337)
		at java.base/java.util.concurrent.FutureTask.run(FutureTask.java:264)
		at org.apache.tomcat.util.threads.InlineExecutorService.execute(InlineExecutorService.java:75)
		at java.base/java.util.concurrent.AbstractExecutorService.submit(AbstractExecutorService.java:140)
		at org.apache.catalina.core.ContainerBase.stopInternal(ContainerBase.java:931)
		at org.apache.catalina.util.LifecycleBase.stop(LifecycleBase.java:242)
		at org.apache.catalina.core.ContainerBase$StopChild.call(ContainerBase.java:1348)
		at org.apache.catalina.core.ContainerBase$StopChild.call(ContainerBase.java:1337)
		at java.base/java.util.concurrent.FutureTask.run(FutureTask.java:264)
		at org.apache.tomcat.util.threads.InlineExecutorService.execute(InlineExecutorService.java:75)
		at java.base/java.util.concurrent.AbstractExecutorService.submit(AbstractExecutorService.java:140)
		at org.apache.catalina.core.ContainerBase.stopInternal(ContainerBase.java:931)
		at org.apache.catalina.util.LifecycleBase.stop(LifecycleBase.java:242)
		at org.apache.catalina.core.StandardService.stopInternal(StandardService.java:496)
		at org.apache.catalina.util.LifecycleBase.stop(LifecycleBase.java:242)
		at org.apache.catalina.core.StandardServer.stopInternal(StandardServer.java:973)
		at org.apache.catalina.util.LifecycleBase.stop(LifecycleBase.java:242)
		at org.apache.catalina.startup.Catalina.stop(Catalina.java:849)
		at org.apache.catalina.startup.Catalina$CatalinaShutdownHook.run(Catalina.java:996)
29-Dec-2023 15:57:40.724 INFO [main] org.apache.catalina.core.ApplicationContext.log No Spring WebApplicationInitializer types detected on classpath
29-Dec-2023 15:57:40.748 WARNING [main] org.apache.catalina.session.StandardSession.doReadObject Cannot deserialize session attribute [searchList] for session [35D08856EBF19B86C8272B6D8DD554A3]
29-Dec-2023 15:57:49.681 INFO [main] org.apache.catalina.core.ApplicationContext.log No Spring WebApplicationInitializer types detected on classpath
29-Dec-2023 16:03:50.819 WARNING [Thread-1] org.apache.catalina.session.StandardSession.doWriteObject Cannot serialize session attribute [searchList] for session [35D08856EBF19B86C8272B6D8DD554A3]
	java.io.NotSerializableException: Vo.RegVo
		at java.base/java.io.ObjectOutputStream.writeObject0(ObjectOutputStream.java:1175)
		at java.base/java.io.ObjectOutputStream.writeObject(ObjectOutputStream.java:345)
		at java.base/java.util.ArrayList.writeObject(ArrayList.java:897)
		at java.base/jdk.internal.reflect.NativeMethodAccessorImpl.invoke0(Native Method)
		at java.base/jdk.internal.reflect.NativeMethodAccessorImpl.invoke(NativeMethodAccessorImpl.java:62)
		at java.base/jdk.internal.reflect.DelegatingMethodAccessorImpl.invoke(DelegatingMethodAccessorImpl.java:43)
		at java.base/java.lang.reflect.Method.invoke(Method.java:566)
		at java.base/java.io.ObjectStreamClass.invokeWriteObject(ObjectStreamClass.java:1016)
		at java.base/java.io.ObjectOutputStream.writeSerialData(ObjectOutputStream.java:1487)
		at java.base/java.io.ObjectOutputStream.writeOrdinaryObject(ObjectOutputStream.java:1423)
		at java.base/java.io.ObjectOutputStream.writeObject0(ObjectOutputStream.java:1169)
		at java.base/java.io.ObjectOutputStream.writeObject(ObjectOutputStream.java:345)
		at org.apache.catalina.session.StandardSession.doWriteObject(StandardSession.java:1647)
		at org.apache.catalina.session.StandardSession.writeObjectData(StandardSession.java:1015)
		at org.apache.catalina.session.StandardManager.doUnload(StandardManager.java:307)
		at org.apache.catalina.session.StandardManager.unload(StandardManager.java:259)
		at org.apache.catalina.session.StandardManager.stopInternal(StandardManager.java:374)
		at org.apache.catalina.util.LifecycleBase.stop(LifecycleBase.java:242)
		at org.apache.catalina.core.StandardContext.stopInternal(StandardContext.java:5143)
		at org.apache.catalina.util.LifecycleBase.stop(LifecycleBase.java:242)
		at org.apache.catalina.core.ContainerBase$StopChild.call(ContainerBase.java:1348)
		at org.apache.catalina.core.ContainerBase$StopChild.call(ContainerBase.java:1337)
		at java.base/java.util.concurrent.FutureTask.run(FutureTask.java:264)
		at org.apache.tomcat.util.threads.InlineExecutorService.execute(InlineExecutorService.java:75)
		at java.base/java.util.concurrent.AbstractExecutorService.submit(AbstractExecutorService.java:140)
		at org.apache.catalina.core.ContainerBase.stopInternal(ContainerBase.java:931)
		at org.apache.catalina.util.LifecycleBase.stop(LifecycleBase.java:242)
		at org.apache.catalina.core.ContainerBase$StopChild.call(ContainerBase.java:1348)
		at org.apache.catalina.core.ContainerBase$StopChild.call(ContainerBase.java:1337)
		at java.base/java.util.concurrent.FutureTask.run(FutureTask.java:264)
		at org.apache.tomcat.util.threads.InlineExecutorService.execute(InlineExecutorService.java:75)
		at java.base/java.util.concurrent.AbstractExecutorService.submit(AbstractExecutorService.java:140)
		at org.apache.catalina.core.ContainerBase.stopInternal(ContainerBase.java:931)
		at org.apache.catalina.util.LifecycleBase.stop(LifecycleBase.java:242)
		at org.apache.catalina.core.StandardService.stopInternal(StandardService.java:496)
		at org.apache.catalina.util.LifecycleBase.stop(LifecycleBase.java:242)
		at org.apache.catalina.core.StandardServer.stopInternal(StandardServer.java:973)
		at org.apache.catalina.util.LifecycleBase.stop(LifecycleBase.java:242)
		at org.apache.catalina.startup.Catalina.stop(Catalina.java:849)
		at org.apache.catalina.startup.Catalina$CatalinaShutdownHook.run(Catalina.java:996)
29-Dec-2023 16:04:00.179 INFO [main] org.apache.catalina.core.ApplicationContext.log No Spring WebApplicationInitializer types detected on classpath
29-Dec-2023 16:04:00.203 WARNING [main] org.apache.catalina.session.StandardSession.doReadObject Cannot deserialize session attribute [searchList] for session [35D08856EBF19B86C8272B6D8DD554A3]
29-Dec-2023 16:04:50.944 WARNING [Thread-1] org.apache.catalina.session.StandardSession.doWriteObject Cannot serialize session attribute [searchList] for session [35D08856EBF19B86C8272B6D8DD554A3]
	java.io.NotSerializableException: Vo.RegVo
		at java.base/java.io.ObjectOutputStream.writeObject0(ObjectOutputStream.java:1175)
		at java.base/java.io.ObjectOutputStream.writeObject(ObjectOutputStream.java:345)
		at java.base/java.util.ArrayList.writeObject(ArrayList.java:897)
		at java.base/jdk.internal.reflect.NativeMethodAccessorImpl.invoke0(Native Method)
		at java.base/jdk.internal.reflect.NativeMethodAccessorImpl.invoke(NativeMethodAccessorImpl.java:62)
		at java.base/jdk.internal.reflect.DelegatingMethodAccessorImpl.invoke(DelegatingMethodAccessorImpl.java:43)
		at java.base/java.lang.reflect.Method.invoke(Method.java:566)
		at java.base/java.io.ObjectStreamClass.invokeWriteObject(ObjectStreamClass.java:1016)
		at java.base/java.io.ObjectOutputStream.writeSerialData(ObjectOutputStream.java:1487)
		at java.base/java.io.ObjectOutputStream.writeOrdinaryObject(ObjectOutputStream.java:1423)
		at java.base/java.io.ObjectOutputStream.writeObject0(ObjectOutputStream.java:1169)
		at java.base/java.io.ObjectOutputStream.writeObject(ObjectOutputStream.java:345)
		at org.apache.catalina.session.StandardSession.doWriteObject(StandardSession.java:1647)
		at org.apache.catalina.session.StandardSession.writeObjectData(StandardSession.java:1015)
		at org.apache.catalina.session.StandardManager.doUnload(StandardManager.java:307)
		at org.apache.catalina.session.StandardManager.unload(StandardManager.java:259)
		at org.apache.catalina.session.StandardManager.stopInternal(StandardManager.java:374)
		at org.apache.catalina.util.LifecycleBase.stop(LifecycleBase.java:242)
		at org.apache.catalina.core.StandardContext.stopInternal(StandardContext.java:5143)
		at org.apache.catalina.util.LifecycleBase.stop(LifecycleBase.java:242)
		at org.apache.catalina.core.ContainerBase$StopChild.call(ContainerBase.java:1348)
		at org.apache.catalina.core.ContainerBase$StopChild.call(ContainerBase.java:1337)
		at java.base/java.util.concurrent.FutureTask.run(FutureTask.java:264)
		at org.apache.tomcat.util.threads.InlineExecutorService.execute(InlineExecutorService.java:75)
		at java.base/java.util.concurrent.AbstractExecutorService.submit(AbstractExecutorService.java:140)
		at org.apache.catalina.core.ContainerBase.stopInternal(ContainerBase.java:931)
		at org.apache.catalina.util.LifecycleBase.stop(LifecycleBase.java:242)
		at org.apache.catalina.core.ContainerBase$StopChild.call(ContainerBase.java:1348)
		at org.apache.catalina.core.ContainerBase$StopChild.call(ContainerBase.java:1337)
		at java.base/java.util.concurrent.FutureTask.run(FutureTask.java:264)
		at org.apache.tomcat.util.threads.InlineExecutorService.execute(InlineExecutorService.java:75)
		at java.base/java.util.concurrent.AbstractExecutorService.submit(AbstractExecutorService.java:140)
		at org.apache.catalina.core.ContainerBase.stopInternal(ContainerBase.java:931)
		at org.apache.catalina.util.LifecycleBase.stop(LifecycleBase.java:242)
		at org.apache.catalina.core.StandardService.stopInternal(StandardService.java:496)
		at org.apache.catalina.util.LifecycleBase.stop(LifecycleBase.java:242)
		at org.apache.catalina.core.StandardServer.stopInternal(StandardServer.java:973)
		at org.apache.catalina.util.LifecycleBase.stop(LifecycleBase.java:242)
		at org.apache.catalina.startup.Catalina.stop(Catalina.java:849)
		at org.apache.catalina.startup.Catalina$CatalinaShutdownHook.run(Catalina.java:996)
29-Dec-2023 16:07:10.693 INFO [main] org.apache.catalina.core.ApplicationContext.log No Spring WebApplicationInitializer types detected on classpath
29-Dec-2023 16:07:10.713 WARNING [main] org.apache.catalina.session.StandardSession.doReadObject Cannot deserialize session attribute [searchList] for session [35D08856EBF19B86C8272B6D8DD554A3]
29-Dec-2023 16:12:51.408 WARNING [Thread-1] org.apache.catalina.session.StandardSession.doWriteObject Cannot serialize session attribute [searchList] for session [35D08856EBF19B86C8272B6D8DD554A3]
	java.io.NotSerializableException: Vo.RegVo
		at java.base/java.io.ObjectOutputStream.writeObject0(ObjectOutputStream.java:1175)
		at java.base/java.io.ObjectOutputStream.writeObject(ObjectOutputStream.java:345)
		at java.base/java.util.ArrayList.writeObject(ArrayList.java:897)
		at java.base/jdk.internal.reflect.NativeMethodAccessorImpl.invoke0(Native Method)
		at java.base/jdk.internal.reflect.NativeMethodAccessorImpl.invoke(NativeMethodAccessorImpl.java:62)
		at java.base/jdk.internal.reflect.DelegatingMethodAccessorImpl.invoke(DelegatingMethodAccessorImpl.java:43)
		at java.base/java.lang.reflect.Method.invoke(Method.java:566)
		at java.base/java.io.ObjectStreamClass.invokeWriteObject(ObjectStreamClass.java:1016)
		at java.base/java.io.ObjectOutputStream.writeSerialData(ObjectOutputStream.java:1487)
		at java.base/java.io.ObjectOutputStream.writeOrdinaryObject(ObjectOutputStream.java:1423)
		at java.base/java.io.ObjectOutputStream.writeObject0(ObjectOutputStream.java:1169)
		at java.base/java.io.ObjectOutputStream.writeObject(ObjectOutputStream.java:345)
		at org.apache.catalina.session.StandardSession.doWriteObject(StandardSession.java:1647)
		at org.apache.catalina.session.StandardSession.writeObjectData(StandardSession.java:1015)
		at org.apache.catalina.session.StandardManager.doUnload(StandardManager.java:307)
		at org.apache.catalina.session.StandardManager.unload(StandardManager.java:259)
		at org.apache.catalina.session.StandardManager.stopInternal(StandardManager.java:374)
		at org.apache.catalina.util.LifecycleBase.stop(LifecycleBase.java:242)
		at org.apache.catalina.core.StandardContext.stopInternal(StandardContext.java:5143)
		at org.apache.catalina.util.LifecycleBase.stop(LifecycleBase.java:242)
		at org.apache.catalina.core.ContainerBase$StopChild.call(ContainerBase.java:1348)
		at org.apache.catalina.core.ContainerBase$StopChild.call(ContainerBase.java:1337)
		at java.base/java.util.concurrent.FutureTask.run(FutureTask.java:264)
		at org.apache.tomcat.util.threads.InlineExecutorService.execute(InlineExecutorService.java:75)
		at java.base/java.util.concurrent.AbstractExecutorService.submit(AbstractExecutorService.java:140)
		at org.apache.catalina.core.ContainerBase.stopInternal(ContainerBase.java:931)
		at org.apache.catalina.util.LifecycleBase.stop(LifecycleBase.java:242)
		at org.apache.catalina.core.ContainerBase$StopChild.call(ContainerBase.java:1348)
		at org.apache.catalina.core.ContainerBase$StopChild.call(ContainerBase.java:1337)
		at java.base/java.util.concurrent.FutureTask.run(FutureTask.java:264)
		at org.apache.tomcat.util.threads.InlineExecutorService.execute(InlineExecutorService.java:75)
		at java.base/java.util.concurrent.AbstractExecutorService.submit(AbstractExecutorService.java:140)
		at org.apache.catalina.core.ContainerBase.stopInternal(ContainerBase.java:931)
		at org.apache.catalina.util.LifecycleBase.stop(LifecycleBase.java:242)
		at org.apache.catalina.core.StandardService.stopInternal(StandardService.java:496)
		at org.apache.catalina.util.LifecycleBase.stop(LifecycleBase.java:242)
		at org.apache.catalina.core.StandardServer.stopInternal(StandardServer.java:973)
		at org.apache.catalina.util.LifecycleBase.stop(LifecycleBase.java:242)
		at org.apache.catalina.startup.Catalina.stop(Catalina.java:849)
		at org.apache.catalina.startup.Catalina$CatalinaShutdownHook.run(Catalina.java:996)
29-Dec-2023 16:12:58.206 INFO [main] org.apache.catalina.core.ApplicationContext.log No Spring WebApplicationInitializer types detected on classpath
29-Dec-2023 16:12:58.224 WARNING [main] org.apache.catalina.session.StandardSession.doReadObject Cannot deserialize session attribute [searchList] for session [35D08856EBF19B86C8272B6D8DD554A3]
29-Dec-2023 16:15:35.928 WARNING [Thread-1] org.apache.catalina.session.StandardSession.doWriteObject Cannot serialize session attribute [searchList] for session [35D08856EBF19B86C8272B6D8DD554A3]
	java.io.NotSerializableException: Vo.RegVo
		at java.base/java.io.ObjectOutputStream.writeObject0(ObjectOutputStream.java:1175)
		at java.base/java.io.ObjectOutputStream.writeObject(ObjectOutputStream.java:345)
		at java.base/java.util.ArrayList.writeObject(ArrayList.java:897)
		at java.base/jdk.internal.reflect.NativeMethodAccessorImpl.invoke0(Native Method)
		at java.base/jdk.internal.reflect.NativeMethodAccessorImpl.invoke(NativeMethodAccessorImpl.java:62)
		at java.base/jdk.internal.reflect.DelegatingMethodAccessorImpl.invoke(DelegatingMethodAccessorImpl.java:43)
		at java.base/java.lang.reflect.Method.invoke(Method.java:566)
		at java.base/java.io.ObjectStreamClass.invokeWriteObject(ObjectStreamClass.java:1016)
		at java.base/java.io.ObjectOutputStream.writeSerialData(ObjectOutputStream.java:1487)
		at java.base/java.io.ObjectOutputStream.writeOrdinaryObject(ObjectOutputStream.java:1423)
		at java.base/java.io.ObjectOutputStream.writeObject0(ObjectOutputStream.java:1169)
		at java.base/java.io.ObjectOutputStream.writeObject(ObjectOutputStream.java:345)
		at org.apache.catalina.session.StandardSession.doWriteObject(StandardSession.java:1647)
		at org.apache.catalina.session.StandardSession.writeObjectData(StandardSession.java:1015)
		at org.apache.catalina.session.StandardManager.doUnload(StandardManager.java:307)
		at org.apache.catalina.session.StandardManager.unload(StandardManager.java:259)
		at org.apache.catalina.session.StandardManager.stopInternal(StandardManager.java:374)
		at org.apache.catalina.util.LifecycleBase.stop(LifecycleBase.java:242)
		at org.apache.catalina.core.StandardContext.stopInternal(StandardContext.java:5143)
		at org.apache.catalina.util.LifecycleBase.stop(LifecycleBase.java:242)
		at org.apache.catalina.core.ContainerBase$StopChild.call(ContainerBase.java:1348)
		at org.apache.catalina.core.ContainerBase$StopChild.call(ContainerBase.java:1337)
		at java.base/java.util.concurrent.FutureTask.run(FutureTask.java:264)
		at org.apache.tomcat.util.threads.InlineExecutorService.execute(InlineExecutorService.java:75)
		at java.base/java.util.concurrent.AbstractExecutorService.submit(AbstractExecutorService.java:140)
		at org.apache.catalina.core.ContainerBase.stopInternal(ContainerBase.java:931)
		at org.apache.catalina.util.LifecycleBase.stop(LifecycleBase.java:242)
		at org.apache.catalina.core.ContainerBase$StopChild.call(ContainerBase.java:1348)
		at org.apache.catalina.core.ContainerBase$StopChild.call(ContainerBase.java:1337)
		at java.base/java.util.concurrent.FutureTask.run(FutureTask.java:264)
		at org.apache.tomcat.util.threads.InlineExecutorService.execute(InlineExecutorService.java:75)
		at java.base/java.util.concurrent.AbstractExecutorService.submit(AbstractExecutorService.java:140)
		at org.apache.catalina.core.ContainerBase.stopInternal(ContainerBase.java:931)
		at org.apache.catalina.util.LifecycleBase.stop(LifecycleBase.java:242)
		at org.apache.catalina.core.StandardService.stopInternal(StandardService.java:496)
		at org.apache.catalina.util.LifecycleBase.stop(LifecycleBase.java:242)
		at org.apache.catalina.core.StandardServer.stopInternal(StandardServer.java:973)
		at org.apache.catalina.util.LifecycleBase.stop(LifecycleBase.java:242)
		at org.apache.catalina.startup.Catalina.stop(Catalina.java:849)
		at org.apache.catalina.startup.Catalina$CatalinaShutdownHook.run(Catalina.java:996)
29-Dec-2023 16:15:59.689 INFO [main] org.apache.catalina.core.ApplicationContext.log No Spring WebApplicationInitializer types detected on classpath
29-Dec-2023 16:15:59.717 WARNING [main] org.apache.catalina.session.StandardSession.doReadObject Cannot deserialize session attribute [searchList] for session [35D08856EBF19B86C8272B6D8DD554A3]
29-Dec-2023 16:20:28.072 INFO [main] org.apache.catalina.core.ApplicationContext.log No Spring WebApplicationInitializer types detected on classpath
29-Dec-2023 16:20:29.805 WARNING [Catalina-utility-1] org.apache.catalina.session.StandardSession.doWriteObject Cannot serialize session attribute [searchList] for session [35D08856EBF19B86C8272B6D8DD554A3]
	java.io.NotSerializableException: Vo.RegVo
		at java.base/java.io.ObjectOutputStream.writeObject0(ObjectOutputStream.java:1175)
		at java.base/java.io.ObjectOutputStream.writeObject(ObjectOutputStream.java:345)
		at java.base/java.util.ArrayList.writeObject(ArrayList.java:897)
		at java.base/jdk.internal.reflect.NativeMethodAccessorImpl.invoke0(Native Method)
		at java.base/jdk.internal.reflect.NativeMethodAccessorImpl.invoke(NativeMethodAccessorImpl.java:62)
		at java.base/jdk.internal.reflect.DelegatingMethodAccessorImpl.invoke(DelegatingMethodAccessorImpl.java:43)
		at java.base/java.lang.reflect.Method.invoke(Method.java:566)
		at java.base/java.io.ObjectStreamClass.invokeWriteObject(ObjectStreamClass.java:1016)
		at java.base/java.io.ObjectOutputStream.writeSerialData(ObjectOutputStream.java:1487)
		at java.base/java.io.ObjectOutputStream.writeOrdinaryObject(ObjectOutputStream.java:1423)
		at java.base/java.io.ObjectOutputStream.writeObject0(ObjectOutputStream.java:1169)
		at java.base/java.io.ObjectOutputStream.writeObject(ObjectOutputStream.java:345)
		at org.apache.catalina.session.StandardSession.doWriteObject(StandardSession.java:1647)
		at org.apache.catalina.session.StandardSession.writeObjectData(StandardSession.java:1015)
		at org.apache.catalina.session.StandardManager.doUnload(StandardManager.java:307)
		at org.apache.catalina.session.StandardManager.unload(StandardManager.java:259)
		at org.apache.catalina.session.StandardManager.stopInternal(StandardManager.java:374)
		at org.apache.catalina.util.LifecycleBase.stop(LifecycleBase.java:242)
		at org.apache.catalina.core.StandardContext.stopInternal(StandardContext.java:5143)
		at org.apache.catalina.util.LifecycleBase.stop(LifecycleBase.java:242)
		at org.apache.catalina.core.ContainerBase.removeChild(ContainerBase.java:766)
		at org.apache.catalina.startup.HostConfig.undeploy(HostConfig.java:1467)
		at org.apache.catalina.startup.HostConfig.checkResources(HostConfig.java:1374)
		at org.apache.catalina.startup.HostConfig.check(HostConfig.java:1655)
		at org.apache.catalina.startup.HostConfig.lifecycleEvent(HostConfig.java:314)
		at org.apache.catalina.util.LifecycleBase.fireLifecycleEvent(LifecycleBase.java:114)
		at org.apache.catalina.core.ContainerBase.backgroundProcess(ContainerBase.java:1098)
		at org.apache.catalina.core.ContainerBase$ContainerBackgroundProcessor.processChildren(ContainerBase.java:1301)
		at org.apache.catalina.core.ContainerBase$ContainerBackgroundProcessor.processChildren(ContainerBase.java:1305)
		at org.apache.catalina.core.ContainerBase$ContainerBackgroundProcessor.run(ContainerBase.java:1283)
		at java.base/java.util.concurrent.Executors$RunnableAdapter.call(Executors.java:515)
		at java.base/java.util.concurrent.FutureTask.runAndReset(FutureTask.java:305)
		at java.base/java.util.concurrent.ScheduledThreadPoolExecutor$ScheduledFutureTask.run(ScheduledThreadPoolExecutor.java:305)
		at java.base/java.util.concurrent.ThreadPoolExecutor.runWorker(ThreadPoolExecutor.java:1128)
		at java.base/java.util.concurrent.ThreadPoolExecutor$Worker.run(ThreadPoolExecutor.java:628)
		at org.apache.tomcat.util.threads.TaskThread$WrappingRunnable.run(TaskThread.java:61)
		at java.base/java.lang.Thread.run(Thread.java:829)
29-Dec-2023 16:20:30.671 INFO [Catalina-utility-1] org.apache.catalina.core.ApplicationContext.log No Spring WebApplicationInitializer types detected on classpath
29-Dec-2023 16:20:38.496 INFO [main] org.apache.catalina.core.ApplicationContext.log No Spring WebApplicationInitializer types detected on classpath
29-Dec-2023 16:21:02.079 INFO [main] org.apache.catalina.core.ApplicationContext.log No Spring WebApplicationInitializer types detected on classpath
29-Dec-2023 16:33:02.107 INFO [main] org.apache.catalina.core.ApplicationContext.log No Spring WebApplicationInitializer types detected on classpath
29-Dec-2023 16:33:02.234 WARNING [Catalina-utility-1] org.apache.catalina.session.StandardSession.doWriteObject Cannot serialize session attribute [data] for session [0977D15BBFCBA815107C489B32F98AC2]
	java.io.NotSerializableException: Vo.RegVo
		at java.base/java.io.ObjectOutputStream.writeObject0(ObjectOutputStream.java:1175)
		at java.base/java.io.ObjectOutputStream.writeObject(ObjectOutputStream.java:345)
		at java.base/java.util.ArrayList.writeObject(ArrayList.java:897)
		at java.base/jdk.internal.reflect.NativeMethodAccessorImpl.invoke0(Native Method)
		at java.base/jdk.internal.reflect.NativeMethodAccessorImpl.invoke(NativeMethodAccessorImpl.java:62)
		at java.base/jdk.internal.reflect.DelegatingMethodAccessorImpl.invoke(DelegatingMethodAccessorImpl.java:43)
		at java.base/java.lang.reflect.Method.invoke(Method.java:566)
		at java.base/java.io.ObjectStreamClass.invokeWriteObject(ObjectStreamClass.java:1016)
		at java.base/java.io.ObjectOutputStream.writeSerialData(ObjectOutputStream.java:1487)
		at java.base/java.io.ObjectOutputStream.writeOrdinaryObject(ObjectOutputStream.java:1423)
		at java.base/java.io.ObjectOutputStream.writeObject0(ObjectOutputStream.java:1169)
		at java.base/java.io.ObjectOutputStream.writeObject(ObjectOutputStream.java:345)
		at org.apache.catalina.session.StandardSession.doWriteObject(StandardSession.java:1647)
		at org.apache.catalina.session.StandardSession.writeObjectData(StandardSession.java:1015)
		at org.apache.catalina.session.StandardManager.doUnload(StandardManager.java:307)
		at org.apache.catalina.session.StandardManager.unload(StandardManager.java:259)
		at org.apache.catalina.session.StandardManager.stopInternal(StandardManager.java:374)
		at org.apache.catalina.util.LifecycleBase.stop(LifecycleBase.java:242)
		at org.apache.catalina.core.StandardContext.stopInternal(StandardContext.java:5143)
		at org.apache.catalina.util.LifecycleBase.stop(LifecycleBase.java:242)
		at org.apache.catalina.core.ContainerBase.removeChild(ContainerBase.java:766)
		at org.apache.catalina.startup.HostConfig.undeploy(HostConfig.java:1467)
		at org.apache.catalina.startup.HostConfig.checkResources(HostConfig.java:1374)
		at org.apache.catalina.startup.HostConfig.check(HostConfig.java:1655)
		at org.apache.catalina.startup.HostConfig.lifecycleEvent(HostConfig.java:314)
		at org.apache.catalina.util.LifecycleBase.fireLifecycleEvent(LifecycleBase.java:114)
		at org.apache.catalina.core.ContainerBase.backgroundProcess(ContainerBase.java:1098)
		at org.apache.catalina.core.ContainerBase$ContainerBackgroundProcessor.processChildren(ContainerBase.java:1301)
		at org.apache.catalina.core.ContainerBase$ContainerBackgroundProcessor.processChildren(ContainerBase.java:1305)
		at org.apache.catalina.core.ContainerBase$ContainerBackgroundProcessor.run(ContainerBase.java:1283)
		at java.base/java.util.concurrent.Executors$RunnableAdapter.call(Executors.java:515)
		at java.base/java.util.concurrent.FutureTask.runAndReset(FutureTask.java:305)
		at java.base/java.util.concurrent.ScheduledThreadPoolExecutor$ScheduledFutureTask.run(ScheduledThreadPoolExecutor.java:305)
		at java.base/java.util.concurrent.ThreadPoolExecutor.runWorker(ThreadPoolExecutor.java:1128)
		at java.base/java.util.concurrent.ThreadPoolExecutor$Worker.run(ThreadPoolExecutor.java:628)
		at org.apache.tomcat.util.threads.TaskThread$WrappingRunnable.run(TaskThread.java:61)
		at java.base/java.lang.Thread.run(Thread.java:829)
29-Dec-2023 16:33:03.170 INFO [Catalina-utility-1] org.apache.catalina.core.ApplicationContext.log No Spring WebApplicationInitializer types detected on classpath
29-Dec-2023 16:34:47.995 INFO [main] org.apache.catalina.core.ApplicationContext.log No Spring WebApplicationInitializer types detected on classpath
29-Dec-2023 16:36:04.007 INFO [main] org.apache.catalina.core.ApplicationContext.log No Spring WebApplicationInitializer types detected on classpath
29-Dec-2023 16:36:08.066 WARNING [Catalina-utility-1] org.apache.catalina.session.StandardSession.doWriteObject Cannot serialize session attribute [data] for session [B240B3B97200B5948AC37DDABD4F3F1A]
	java.io.NotSerializableException: Vo.RegVo
		at java.base/java.io.ObjectOutputStream.writeObject0(ObjectOutputStream.java:1175)
		at java.base/java.io.ObjectOutputStream.writeObject(ObjectOutputStream.java:345)
		at java.base/java.util.ArrayList.writeObject(ArrayList.java:897)
		at java.base/jdk.internal.reflect.NativeMethodAccessorImpl.invoke0(Native Method)
		at java.base/jdk.internal.reflect.NativeMethodAccessorImpl.invoke(NativeMethodAccessorImpl.java:62)
		at java.base/jdk.internal.reflect.DelegatingMethodAccessorImpl.invoke(DelegatingMethodAccessorImpl.java:43)
		at java.base/java.lang.reflect.Method.invoke(Method.java:566)
		at java.base/java.io.ObjectStreamClass.invokeWriteObject(ObjectStreamClass.java:1016)
		at java.base/java.io.ObjectOutputStream.writeSerialData(ObjectOutputStream.java:1487)
		at java.base/java.io.ObjectOutputStream.writeOrdinaryObject(ObjectOutputStream.java:1423)
		at java.base/java.io.ObjectOutputStream.writeObject0(ObjectOutputStream.java:1169)
		at java.base/java.io.ObjectOutputStream.writeObject(ObjectOutputStream.java:345)
		at org.apache.catalina.session.StandardSession.doWriteObject(StandardSession.java:1647)
		at org.apache.catalina.session.StandardSession.writeObjectData(StandardSession.java:1015)
		at org.apache.catalina.session.StandardManager.doUnload(StandardManager.java:307)
		at org.apache.catalina.session.StandardManager.unload(StandardManager.java:259)
		at org.apache.catalina.session.StandardManager.stopInternal(StandardManager.java:374)
		at org.apache.catalina.util.LifecycleBase.stop(LifecycleBase.java:242)
		at org.apache.catalina.core.StandardContext.stopInternal(StandardContext.java:5143)
		at org.apache.catalina.util.LifecycleBase.stop(LifecycleBase.java:242)
		at org.apache.catalina.core.ContainerBase.removeChild(ContainerBase.java:766)
		at org.apache.catalina.startup.HostConfig.undeploy(HostConfig.java:1467)
		at org.apache.catalina.startup.HostConfig.checkResources(HostConfig.java:1374)
		at org.apache.catalina.startup.HostConfig.check(HostConfig.java:1655)
		at org.apache.catalina.startup.HostConfig.lifecycleEvent(HostConfig.java:314)
		at org.apache.catalina.util.LifecycleBase.fireLifecycleEvent(LifecycleBase.java:114)
		at org.apache.catalina.core.ContainerBase.backgroundProcess(ContainerBase.java:1098)
		at org.apache.catalina.core.ContainerBase$ContainerBackgroundProcessor.processChildren(ContainerBase.java:1301)
		at org.apache.catalina.core.ContainerBase$ContainerBackgroundProcessor.processChildren(ContainerBase.java:1305)
		at org.apache.catalina.core.ContainerBase$ContainerBackgroundProcessor.run(ContainerBase.java:1283)
		at java.base/java.util.concurrent.Executors$RunnableAdapter.call(Executors.java:515)
		at java.base/java.util.concurrent.FutureTask.runAndReset(FutureTask.java:305)
		at java.base/java.util.concurrent.ScheduledThreadPoolExecutor$ScheduledFutureTask.run(ScheduledThreadPoolExecutor.java:305)
		at java.base/java.util.concurrent.ThreadPoolExecutor.runWorker(ThreadPoolExecutor.java:1128)
		at java.base/java.util.concurrent.ThreadPoolExecutor$Worker.run(ThreadPoolExecutor.java:628)
		at org.apache.tomcat.util.threads.TaskThread$WrappingRunnable.run(TaskThread.java:61)
		at java.base/java.lang.Thread.run(Thread.java:829)
29-Dec-2023 16:36:08.979 INFO [Catalina-utility-1] org.apache.catalina.core.ApplicationContext.log No Spring WebApplicationInitializer types detected on classpath
29-Dec-2023 16:36:40.536 INFO [main] org.apache.catalina.core.ApplicationContext.log No Spring WebApplicationInitializer types detected on classpath
29-Dec-2023 16:36:49.751 INFO [Catalina-utility-2] org.apache.catalina.core.ApplicationContext.log No Spring WebApplicationInitializer types detected on classpath
29-Dec-2023 16:36:56.419 INFO [main] org.apache.catalina.core.ApplicationContext.log No Spring WebApplicationInitializer types detected on classpath
29-Dec-2023 16:46:55.819 INFO [main] org.apache.catalina.core.ApplicationContext.log No Spring WebApplicationInitializer types detected on classpath
29-Dec-2023 16:46:56.554 WARNING [Catalina-utility-1] org.apache.catalina.session.StandardSession.doWriteObject Cannot serialize session attribute [data] for session [08F01391297DB149FBDB95122A9B7E55]
	java.io.NotSerializableException: Vo.RegVo
		at java.base/java.io.ObjectOutputStream.writeObject0(ObjectOutputStream.java:1175)
		at java.base/java.io.ObjectOutputStream.writeObject(ObjectOutputStream.java:345)
		at java.base/java.util.ArrayList.writeObject(ArrayList.java:897)
		at java.base/jdk.internal.reflect.NativeMethodAccessorImpl.invoke0(Native Method)
		at java.base/jdk.internal.reflect.NativeMethodAccessorImpl.invoke(NativeMethodAccessorImpl.java:62)
		at java.base/jdk.internal.reflect.DelegatingMethodAccessorImpl.invoke(DelegatingMethodAccessorImpl.java:43)
		at java.base/java.lang.reflect.Method.invoke(Method.java:566)
		at java.base/java.io.ObjectStreamClass.invokeWriteObject(ObjectStreamClass.java:1016)
		at java.base/java.io.ObjectOutputStream.writeSerialData(ObjectOutputStream.java:1487)
		at java.base/java.io.ObjectOutputStream.writeOrdinaryObject(ObjectOutputStream.java:1423)
		at java.base/java.io.ObjectOutputStream.writeObject0(ObjectOutputStream.java:1169)
		at java.base/java.io.ObjectOutputStream.writeObject(ObjectOutputStream.java:345)
		at org.apache.catalina.session.StandardSession.doWriteObject(StandardSession.java:1647)
		at org.apache.catalina.session.StandardSession.writeObjectData(StandardSession.java:1015)
		at org.apache.catalina.session.StandardManager.doUnload(StandardManager.java:307)
		at org.apache.catalina.session.StandardManager.unload(StandardManager.java:259)
		at org.apache.catalina.session.StandardManager.stopInternal(StandardManager.java:374)
		at org.apache.catalina.util.LifecycleBase.stop(LifecycleBase.java:242)
		at org.apache.catalina.core.StandardContext.stopInternal(StandardContext.java:5143)
		at org.apache.catalina.util.LifecycleBase.stop(LifecycleBase.java:242)
		at org.apache.catalina.core.ContainerBase.removeChild(ContainerBase.java:766)
		at org.apache.catalina.startup.HostConfig.undeploy(HostConfig.java:1467)
		at org.apache.catalina.startup.HostConfig.checkResources(HostConfig.java:1374)
		at org.apache.catalina.startup.HostConfig.check(HostConfig.java:1655)
		at org.apache.catalina.startup.HostConfig.lifecycleEvent(HostConfig.java:314)
		at org.apache.catalina.util.LifecycleBase.fireLifecycleEvent(LifecycleBase.java:114)
		at org.apache.catalina.core.ContainerBase.backgroundProcess(ContainerBase.java:1098)
		at org.apache.catalina.core.ContainerBase$ContainerBackgroundProcessor.processChildren(ContainerBase.java:1301)
		at org.apache.catalina.core.ContainerBase$ContainerBackgroundProcessor.processChildren(ContainerBase.java:1305)
		at org.apache.catalina.core.ContainerBase$ContainerBackgroundProcessor.run(ContainerBase.java:1283)
		at java.base/java.util.concurrent.Executors$RunnableAdapter.call(Executors.java:515)
		at java.base/java.util.concurrent.FutureTask.runAndReset(FutureTask.java:305)
		at java.base/java.util.concurrent.ScheduledThreadPoolExecutor$ScheduledFutureTask.run(ScheduledThreadPoolExecutor.java:305)
		at java.base/java.util.concurrent.ThreadPoolExecutor.runWorker(ThreadPoolExecutor.java:1128)
		at java.base/java.util.concurrent.ThreadPoolExecutor$Worker.run(ThreadPoolExecutor.java:628)
		at org.apache.tomcat.util.threads.TaskThread$WrappingRunnable.run(TaskThread.java:61)
		at java.base/java.lang.Thread.run(Thread.java:829)
29-Dec-2023 16:46:57.568 INFO [Catalina-utility-1] org.apache.catalina.core.ApplicationContext.log No Spring WebApplicationInitializer types detected on classpath
29-Dec-2023 16:47:02.863 INFO [main] org.apache.catalina.core.ApplicationContext.log No Spring WebApplicationInitializer types detected on classpath
29-Dec-2023 16:47:59.979 INFO [main] org.apache.catalina.core.ApplicationContext.log No Spring WebApplicationInitializer types detected on classpath
29-Dec-2023 16:48:01.046 WARNING [Thread-1] org.apache.catalina.session.StandardSession.doWriteObject Cannot serialize session attribute [data] for session [4C75147E8D0531F9ADFF64D379E7707D]
	java.io.NotSerializableException: Vo.RegVo
		at java.base/java.io.ObjectOutputStream.writeObject0(ObjectOutputStream.java:1175)
		at java.base/java.io.ObjectOutputStream.writeObject(ObjectOutputStream.java:345)
		at java.base/java.util.ArrayList.writeObject(ArrayList.java:897)
		at java.base/jdk.internal.reflect.NativeMethodAccessorImpl.invoke0(Native Method)
		at java.base/jdk.internal.reflect.NativeMethodAccessorImpl.invoke(NativeMethodAccessorImpl.java:62)
		at java.base/jdk.internal.reflect.DelegatingMethodAccessorImpl.invoke(DelegatingMethodAccessorImpl.java:43)
		at java.base/java.lang.reflect.Method.invoke(Method.java:566)
		at java.base/java.io.ObjectStreamClass.invokeWriteObject(ObjectStreamClass.java:1016)
		at java.base/java.io.ObjectOutputStream.writeSerialData(ObjectOutputStream.java:1487)
		at java.base/java.io.ObjectOutputStream.writeOrdinaryObject(ObjectOutputStream.java:1423)
		at java.base/java.io.ObjectOutputStream.writeObject0(ObjectOutputStream.java:1169)
		at java.base/java.io.ObjectOutputStream.writeObject(ObjectOutputStream.java:345)
		at org.apache.catalina.session.StandardSession.doWriteObject(StandardSession.java:1647)
		at org.apache.catalina.session.StandardSession.writeObjectData(StandardSession.java:1015)
		at org.apache.catalina.session.StandardManager.doUnload(StandardManager.java:307)
		at org.apache.catalina.session.StandardManager.unload(StandardManager.java:259)
		at org.apache.catalina.session.StandardManager.stopInternal(StandardManager.java:374)
		at org.apache.catalina.util.LifecycleBase.stop(LifecycleBase.java:242)
		at org.apache.catalina.core.StandardContext.stopInternal(StandardContext.java:5143)
		at org.apache.catalina.util.LifecycleBase.stop(LifecycleBase.java:242)
		at org.apache.catalina.core.ContainerBase$StopChild.call(ContainerBase.java:1348)
		at org.apache.catalina.core.ContainerBase$StopChild.call(ContainerBase.java:1337)
		at java.base/java.util.concurrent.FutureTask.run(FutureTask.java:264)
		at org.apache.tomcat.util.threads.InlineExecutorService.execute(InlineExecutorService.java:75)
		at java.base/java.util.concurrent.AbstractExecutorService.submit(AbstractExecutorService.java:140)
		at org.apache.catalina.core.ContainerBase.stopInternal(ContainerBase.java:931)
		at org.apache.catalina.util.LifecycleBase.stop(LifecycleBase.java:242)
		at org.apache.catalina.core.ContainerBase$StopChild.call(ContainerBase.java:1348)
		at org.apache.catalina.core.ContainerBase$StopChild.call(ContainerBase.java:1337)
		at java.base/java.util.concurrent.FutureTask.run(FutureTask.java:264)
		at org.apache.tomcat.util.threads.InlineExecutorService.execute(InlineExecutorService.java:75)
		at java.base/java.util.concurrent.AbstractExecutorService.submit(AbstractExecutorService.java:140)
		at org.apache.catalina.core.ContainerBase.stopInternal(ContainerBase.java:931)
		at org.apache.catalina.util.LifecycleBase.stop(LifecycleBase.java:242)
		at org.apache.catalina.core.StandardService.stopInternal(StandardService.java:496)
		at org.apache.catalina.util.LifecycleBase.stop(LifecycleBase.java:242)
		at org.apache.catalina.core.StandardServer.stopInternal(StandardServer.java:973)
		at org.apache.catalina.util.LifecycleBase.stop(LifecycleBase.java:242)
		at org.apache.catalina.startup.Catalina.stop(Catalina.java:849)
		at org.apache.catalina.startup.Catalina$CatalinaShutdownHook.run(Catalina.java:996)
29-Dec-2023 16:48:04.442 INFO [main] org.apache.catalina.core.ApplicationContext.log No Spring WebApplicationInitializer types detected on classpath
29-Dec-2023 16:48:04.461 WARNING [main] org.apache.catalina.session.StandardSession.doReadObject Cannot deserialize session attribute [data] for session [4C75147E8D0531F9ADFF64D379E7707D]
29-Dec-2023 16:57:46.069 WARNING [Thread-1] org.apache.catalina.session.StandardSession.doWriteObject Cannot serialize session attribute [data] for session [4C75147E8D0531F9ADFF64D379E7707D]
	java.io.NotSerializableException: Vo.RegVo
		at java.base/java.io.ObjectOutputStream.writeObject0(ObjectOutputStream.java:1175)
		at java.base/java.io.ObjectOutputStream.writeObject(ObjectOutputStream.java:345)
		at java.base/java.util.ArrayList.writeObject(ArrayList.java:897)
		at java.base/jdk.internal.reflect.NativeMethodAccessorImpl.invoke0(Native Method)
		at java.base/jdk.internal.reflect.NativeMethodAccessorImpl.invoke(NativeMethodAccessorImpl.java:62)
		at java.base/jdk.internal.reflect.DelegatingMethodAccessorImpl.invoke(DelegatingMethodAccessorImpl.java:43)
		at java.base/java.lang.reflect.Method.invoke(Method.java:566)
		at java.base/java.io.ObjectStreamClass.invokeWriteObject(ObjectStreamClass.java:1016)
		at java.base/java.io.ObjectOutputStream.writeSerialData(ObjectOutputStream.java:1487)
		at java.base/java.io.ObjectOutputStream.writeOrdinaryObject(ObjectOutputStream.java:1423)
		at java.base/java.io.ObjectOutputStream.writeObject0(ObjectOutputStream.java:1169)
		at java.base/java.io.ObjectOutputStream.writeObject(ObjectOutputStream.java:345)
		at org.apache.catalina.session.StandardSession.doWriteObject(StandardSession.java:1647)
		at org.apache.catalina.session.StandardSession.writeObjectData(StandardSession.java:1015)
		at org.apache.catalina.session.StandardManager.doUnload(StandardManager.java:307)
		at org.apache.catalina.session.StandardManager.unload(StandardManager.java:259)
		at org.apache.catalina.session.StandardManager.stopInternal(StandardManager.java:374)
		at org.apache.catalina.util.LifecycleBase.stop(LifecycleBase.java:242)
		at org.apache.catalina.core.StandardContext.stopInternal(StandardContext.java:5143)
		at org.apache.catalina.util.LifecycleBase.stop(LifecycleBase.java:242)
		at org.apache.catalina.core.ContainerBase$StopChild.call(ContainerBase.java:1348)
		at org.apache.catalina.core.ContainerBase$StopChild.call(ContainerBase.java:1337)
		at java.base/java.util.concurrent.FutureTask.run(FutureTask.java:264)
		at org.apache.tomcat.util.threads.InlineExecutorService.execute(InlineExecutorService.java:75)
		at java.base/java.util.concurrent.AbstractExecutorService.submit(AbstractExecutorService.java:140)
		at org.apache.catalina.core.ContainerBase.stopInternal(ContainerBase.java:931)
		at org.apache.catalina.util.LifecycleBase.stop(LifecycleBase.java:242)
		at org.apache.catalina.core.ContainerBase$StopChild.call(ContainerBase.java:1348)
		at org.apache.catalina.core.ContainerBase$StopChild.call(ContainerBase.java:1337)
		at java.base/java.util.concurrent.FutureTask.run(FutureTask.java:264)
		at org.apache.tomcat.util.threads.InlineExecutorService.execute(InlineExecutorService.java:75)
		at java.base/java.util.concurrent.AbstractExecutorService.submit(AbstractExecutorService.java:140)
		at org.apache.catalina.core.ContainerBase.stopInternal(ContainerBase.java:931)
		at org.apache.catalina.util.LifecycleBase.stop(LifecycleBase.java:242)
		at org.apache.catalina.core.StandardService.stopInternal(StandardService.java:496)
		at org.apache.catalina.util.LifecycleBase.stop(LifecycleBase.java:242)
		at org.apache.catalina.core.StandardServer.stopInternal(StandardServer.java:973)
		at org.apache.catalina.util.LifecycleBase.stop(LifecycleBase.java:242)
		at org.apache.catalina.startup.Catalina.stop(Catalina.java:849)
		at org.apache.catalina.startup.Catalina$CatalinaShutdownHook.run(Catalina.java:996)
29-Dec-2023 16:57:51.171 INFO [main] org.apache.catalina.core.ApplicationContext.log No Spring WebApplicationInitializer types detected on classpath
29-Dec-2023 16:57:51.191 WARNING [main] org.apache.catalina.session.StandardSession.doReadObject Cannot deserialize session attribute [data] for session [4C75147E8D0531F9ADFF64D379E7707D]
29-Dec-2023 16:59:33.183 WARNING [Thread-1] org.apache.catalina.session.StandardSession.doWriteObject Cannot serialize session attribute [data] for session [4C75147E8D0531F9ADFF64D379E7707D]
	java.io.NotSerializableException: Vo.RegVo
		at java.base/java.io.ObjectOutputStream.writeObject0(ObjectOutputStream.java:1175)
		at java.base/java.io.ObjectOutputStream.writeObject(ObjectOutputStream.java:345)
		at java.base/java.util.ArrayList.writeObject(ArrayList.java:897)
		at java.base/jdk.internal.reflect.NativeMethodAccessorImpl.invoke0(Native Method)
		at java.base/jdk.internal.reflect.NativeMethodAccessorImpl.invoke(NativeMethodAccessorImpl.java:62)
		at java.base/jdk.internal.reflect.DelegatingMethodAccessorImpl.invoke(DelegatingMethodAccessorImpl.java:43)
		at java.base/java.lang.reflect.Method.invoke(Method.java:566)
		at java.base/java.io.ObjectStreamClass.invokeWriteObject(ObjectStreamClass.java:1016)
		at java.base/java.io.ObjectOutputStream.writeSerialData(ObjectOutputStream.java:1487)
		at java.base/java.io.ObjectOutputStream.writeOrdinaryObject(ObjectOutputStream.java:1423)
		at java.base/java.io.ObjectOutputStream.writeObject0(ObjectOutputStream.java:1169)
		at java.base/java.io.ObjectOutputStream.writeObject(ObjectOutputStream.java:345)
		at org.apache.catalina.session.StandardSession.doWriteObject(StandardSession.java:1647)
		at org.apache.catalina.session.StandardSession.writeObjectData(StandardSession.java:1015)
		at org.apache.catalina.session.StandardManager.doUnload(StandardManager.java:307)
		at org.apache.catalina.session.StandardManager.unload(StandardManager.java:259)
		at org.apache.catalina.session.StandardManager.stopInternal(StandardManager.java:374)
		at org.apache.catalina.util.LifecycleBase.stop(LifecycleBase.java:242)
		at org.apache.catalina.core.StandardContext.stopInternal(StandardContext.java:5143)
		at org.apache.catalina.util.LifecycleBase.stop(LifecycleBase.java:242)
		at org.apache.catalina.core.ContainerBase$StopChild.call(ContainerBase.java:1348)
		at org.apache.catalina.core.ContainerBase$StopChild.call(ContainerBase.java:1337)
		at java.base/java.util.concurrent.FutureTask.run(FutureTask.java:264)
		at org.apache.tomcat.util.threads.InlineExecutorService.execute(InlineExecutorService.java:75)
		at java.base/java.util.concurrent.AbstractExecutorService.submit(AbstractExecutorService.java:140)
		at org.apache.catalina.core.ContainerBase.stopInternal(ContainerBase.java:931)
		at org.apache.catalina.util.LifecycleBase.stop(LifecycleBase.java:242)
		at org.apache.catalina.core.ContainerBase$StopChild.call(ContainerBase.java:1348)
		at org.apache.catalina.core.ContainerBase$StopChild.call(ContainerBase.java:1337)
		at java.base/java.util.concurrent.FutureTask.run(FutureTask.java:264)
		at org.apache.tomcat.util.threads.InlineExecutorService.execute(InlineExecutorService.java:75)
		at java.base/java.util.concurrent.AbstractExecutorService.submit(AbstractExecutorService.java:140)
		at org.apache.catalina.core.ContainerBase.stopInternal(ContainerBase.java:931)
		at org.apache.catalina.util.LifecycleBase.stop(LifecycleBase.java:242)
		at org.apache.catalina.core.StandardService.stopInternal(StandardService.java:496)
		at org.apache.catalina.util.LifecycleBase.stop(LifecycleBase.java:242)
		at org.apache.catalina.core.StandardServer.stopInternal(StandardServer.java:973)
		at org.apache.catalina.util.LifecycleBase.stop(LifecycleBase.java:242)
		at org.apache.catalina.startup.Catalina.stop(Catalina.java:849)
		at org.apache.catalina.startup.Catalina$CatalinaShutdownHook.run(Catalina.java:996)
29-Dec-2023 17:01:54.439 INFO [main] org.apache.catalina.core.ApplicationContext.log No Spring WebApplicationInitializer types detected on classpath
29-Dec-2023 17:01:54.458 WARNING [main] org.apache.catalina.session.StandardSession.doReadObject Cannot deserialize session attribute [data] for session [4C75147E8D0531F9ADFF64D379E7707D]
29-Dec-2023 17:06:02.791 WARNING [Thread-1] org.apache.catalina.session.StandardSession.doWriteObject Cannot serialize session attribute [list] for session [4C75147E8D0531F9ADFF64D379E7707D]
	java.io.NotSerializableException: Vo.RegVo
		at java.base/java.io.ObjectOutputStream.writeObject0(ObjectOutputStream.java:1175)
		at java.base/java.io.ObjectOutputStream.writeObject(ObjectOutputStream.java:345)
		at java.base/java.util.ArrayList.writeObject(ArrayList.java:897)
		at java.base/jdk.internal.reflect.NativeMethodAccessorImpl.invoke0(Native Method)
		at java.base/jdk.internal.reflect.NativeMethodAccessorImpl.invoke(NativeMethodAccessorImpl.java:62)
		at java.base/jdk.internal.reflect.DelegatingMethodAccessorImpl.invoke(DelegatingMethodAccessorImpl.java:43)
		at java.base/java.lang.reflect.Method.invoke(Method.java:566)
		at java.base/java.io.ObjectStreamClass.invokeWriteObject(ObjectStreamClass.java:1016)
		at java.base/java.io.ObjectOutputStream.writeSerialData(ObjectOutputStream.java:1487)
		at java.base/java.io.ObjectOutputStream.writeOrdinaryObject(ObjectOutputStream.java:1423)
		at java.base/java.io.ObjectOutputStream.writeObject0(ObjectOutputStream.java:1169)
		at java.base/java.io.ObjectOutputStream.writeObject(ObjectOutputStream.java:345)
		at org.apache.catalina.session.StandardSession.doWriteObject(StandardSession.java:1647)
		at org.apache.catalina.session.StandardSession.writeObjectData(StandardSession.java:1015)
		at org.apache.catalina.session.StandardManager.doUnload(StandardManager.java:307)
		at org.apache.catalina.session.StandardManager.unload(StandardManager.java:259)
		at org.apache.catalina.session.StandardManager.stopInternal(StandardManager.java:374)
		at org.apache.catalina.util.LifecycleBase.stop(LifecycleBase.java:242)
		at org.apache.catalina.core.StandardContext.stopInternal(StandardContext.java:5143)
		at org.apache.catalina.util.LifecycleBase.stop(LifecycleBase.java:242)
		at org.apache.catalina.core.ContainerBase$StopChild.call(ContainerBase.java:1348)
		at org.apache.catalina.core.ContainerBase$StopChild.call(ContainerBase.java:1337)
		at java.base/java.util.concurrent.FutureTask.run(FutureTask.java:264)
		at org.apache.tomcat.util.threads.InlineExecutorService.execute(InlineExecutorService.java:75)
		at java.base/java.util.concurrent.AbstractExecutorService.submit(AbstractExecutorService.java:140)
		at org.apache.catalina.core.ContainerBase.stopInternal(ContainerBase.java:931)
		at org.apache.catalina.util.LifecycleBase.stop(LifecycleBase.java:242)
		at org.apache.catalina.core.ContainerBase$StopChild.call(ContainerBase.java:1348)
		at org.apache.catalina.core.ContainerBase$StopChild.call(ContainerBase.java:1337)
		at java.base/java.util.concurrent.FutureTask.run(FutureTask.java:264)
		at org.apache.tomcat.util.threads.InlineExecutorService.execute(InlineExecutorService.java:75)
		at java.base/java.util.concurrent.AbstractExecutorService.submit(AbstractExecutorService.java:140)
		at org.apache.catalina.core.ContainerBase.stopInternal(ContainerBase.java:931)
		at org.apache.catalina.util.LifecycleBase.stop(LifecycleBase.java:242)
		at org.apache.catalina.core.StandardService.stopInternal(StandardService.java:496)
		at org.apache.catalina.util.LifecycleBase.stop(LifecycleBase.java:242)
		at org.apache.catalina.core.StandardServer.stopInternal(StandardServer.java:973)
		at org.apache.catalina.util.LifecycleBase.stop(LifecycleBase.java:242)
		at org.apache.catalina.startup.Catalina.stop(Catalina.java:849)
		at org.apache.catalina.startup.Catalina$CatalinaShutdownHook.run(Catalina.java:996)
29-Dec-2023 17:11:46.513 INFO [main] org.apache.catalina.core.ApplicationContext.log No Spring WebApplicationInitializer types detected on classpath
29-Dec-2023 17:11:46.537 WARNING [main] org.apache.catalina.session.StandardSession.doReadObject Cannot deserialize session attribute [list] for session [4C75147E8D0531F9ADFF64D379E7707D]
29-Dec-2023 17:12:22.232 WARNING [Thread-1] org.apache.catalina.session.StandardSession.doWriteObject Cannot serialize session attribute [list] for session [4C75147E8D0531F9ADFF64D379E7707D]
	java.io.NotSerializableException: Vo.RegVo
		at java.base/java.io.ObjectOutputStream.writeObject0(ObjectOutputStream.java:1175)
		at java.base/java.io.ObjectOutputStream.writeObject(ObjectOutputStream.java:345)
		at java.base/java.util.ArrayList.writeObject(ArrayList.java:897)
		at java.base/jdk.internal.reflect.NativeMethodAccessorImpl.invoke0(Native Method)
		at java.base/jdk.internal.reflect.NativeMethodAccessorImpl.invoke(NativeMethodAccessorImpl.java:62)
		at java.base/jdk.internal.reflect.DelegatingMethodAccessorImpl.invoke(DelegatingMethodAccessorImpl.java:43)
		at java.base/java.lang.reflect.Method.invoke(Method.java:566)
		at java.base/java.io.ObjectStreamClass.invokeWriteObject(ObjectStreamClass.java:1016)
		at java.base/java.io.ObjectOutputStream.writeSerialData(ObjectOutputStream.java:1487)
		at java.base/java.io.ObjectOutputStream.writeOrdinaryObject(ObjectOutputStream.java:1423)
		at java.base/java.io.ObjectOutputStream.writeObject0(ObjectOutputStream.java:1169)
		at java.base/java.io.ObjectOutputStream.writeObject(ObjectOutputStream.java:345)
		at org.apache.catalina.session.StandardSession.doWriteObject(StandardSession.java:1647)
		at org.apache.catalina.session.StandardSession.writeObjectData(StandardSession.java:1015)
		at org.apache.catalina.session.StandardManager.doUnload(StandardManager.java:307)
		at org.apache.catalina.session.StandardManager.unload(StandardManager.java:259)
		at org.apache.catalina.session.StandardManager.stopInternal(StandardManager.java:374)
		at org.apache.catalina.util.LifecycleBase.stop(LifecycleBase.java:242)
		at org.apache.catalina.core.StandardContext.stopInternal(StandardContext.java:5143)
		at org.apache.catalina.util.LifecycleBase.stop(LifecycleBase.java:242)
		at org.apache.catalina.core.ContainerBase$StopChild.call(ContainerBase.java:1348)
		at org.apache.catalina.core.ContainerBase$StopChild.call(ContainerBase.java:1337)
		at java.base/java.util.concurrent.FutureTask.run(FutureTask.java:264)
		at org.apache.tomcat.util.threads.InlineExecutorService.execute(InlineExecutorService.java:75)
		at java.base/java.util.concurrent.AbstractExecutorService.submit(AbstractExecutorService.java:140)
		at org.apache.catalina.core.ContainerBase.stopInternal(ContainerBase.java:931)
		at org.apache.catalina.util.LifecycleBase.stop(LifecycleBase.java:242)
		at org.apache.catalina.core.ContainerBase$StopChild.call(ContainerBase.java:1348)
		at org.apache.catalina.core.ContainerBase$StopChild.call(ContainerBase.java:1337)
		at java.base/java.util.concurrent.FutureTask.run(FutureTask.java:264)
		at org.apache.tomcat.util.threads.InlineExecutorService.execute(InlineExecutorService.java:75)
		at java.base/java.util.concurrent.AbstractExecutorService.submit(AbstractExecutorService.java:140)
		at org.apache.catalina.core.ContainerBase.stopInternal(ContainerBase.java:931)
		at org.apache.catalina.util.LifecycleBase.stop(LifecycleBase.java:242)
		at org.apache.catalina.core.StandardService.stopInternal(StandardService.java:496)
		at org.apache.catalina.util.LifecycleBase.stop(LifecycleBase.java:242)
		at org.apache.catalina.core.StandardServer.stopInternal(StandardServer.java:973)
		at org.apache.catalina.util.LifecycleBase.stop(LifecycleBase.java:242)
		at org.apache.catalina.startup.Catalina.stop(Catalina.java:849)
		at org.apache.catalina.startup.Catalina$CatalinaShutdownHook.run(Catalina.java:996)
